2024-03-25 12:56:28,061 [ERROR] ConfigurationRetriever:142 - IOException on connection: Read timed out
2024-03-25 12:56:30,100 [ERROR] ConfigurationRetriever:142 - IOException on connection: Read timed out
2024-03-25 12:56:32,124 [ERROR] ConfigurationRetriever:142 - IOException on connection: Read timed out
2024-03-25 12:59:29,398 [INFO] ADCParametersView:116 -                Rank 1 : false
2024-03-25 12:59:29,398 [INFO] ADCParametersView:116 -                Rank 1 : false
2024-03-25 12:59:29,398 [INFO] ADCParametersView:116 -                Rank 1 : false
2024-03-25 12:59:29,398 [INFO] ADCParametersView:116 -                Rank 1 : false
2024-03-25 12:59:29,398 [INFO] ADCParametersView:116 -                Rank 1 : false
2024-03-25 12:59:29,398 [INFO] ADCParametersView:116 -                Rank 1 : false
2024-03-25 12:59:29,398 [INFO] ADCParametersView:116 -                Rank 1 : false
2024-03-25 12:59:29,398 [INFO] ADCParametersView:116 -                Rank 1 : false
2024-03-25 12:59:29,398 [INFO] ADCParametersView:116 -                Rank 1 : false
2024-03-25 12:59:29,398 [INFO] ADCParametersView:116 -                Rank 1 : false
2024-03-25 12:59:29,398 [INFO] ADCParametersView:116 -                Rank 1 : false
2024-03-25 12:59:29,398 [INFO] ADCParametersView:116 -                Rank 1 : false
2024-03-25 12:59:29,398 [INFO] ADCParametersView:116 -                Rank 1 : false
2024-03-25 12:59:29,398 [INFO] ADCParametersView:116 -                Rank 1 : false
2024-03-25 12:59:29,429 [INFO] ADCParametersView:116 -                Rank 1 : false
2024-03-25 12:59:29,445 [INFO] ADCParametersView:116 -                Rank 1 : false
2024-03-25 12:59:29,445 [INFO] ADCParametersView:116 -                Rank 1 : false
2024-03-25 12:59:29,445 [INFO] ADCParametersView:116 -                Rank 1 : false
2024-03-25 12:59:29,445 [INFO] ADCParametersView:116 -                Rank 1 : false
2024-03-25 12:59:29,445 [INFO] ADCParametersView:116 -                Rank 1 : false
2024-03-25 12:59:29,445 [INFO] ADCParametersView:116 -                Rank 1 : false
2024-03-25 12:59:29,445 [INFO] ADCParametersView:116 -                Rank 1 : false
2024-03-25 12:59:29,445 [INFO] ADCParametersView:116 -                Rank 1 : false
2024-03-25 12:59:29,445 [INFO] ADCParametersView:116 -                Rank 1 : false
2024-03-25 12:59:29,445 [INFO] ADCParametersView:116 -                Rank 1 : false
2024-03-25 12:59:29,445 [INFO] ADCParametersView:116 -                Rank 1 : false
2024-03-25 12:59:29,445 [INFO] ADCParametersView:116 -                Rank 1 : false
2024-03-25 12:59:29,445 [INFO] ADCParametersView:116 -                Rank 1 : false
2024-03-25 12:59:29,445 [INFO] ADCParametersView:116 -                Rank 1 : false
2024-03-25 12:59:29,476 [INFO] ADCParametersView:116 -                Rank 1 : false
2024-03-25 12:59:29,476 [INFO] NvicIntPanel:101 - NVIC parent = com.st.microxplorer.plugins.ip.nvic.MultiNvicIntPanel[,0,0,0x0,invalid,layout=javax.swing.BoxLayout,alignmentX=0.0,alignmentY=0.0,border=,flags=9,maximumSize=,minimumSize=,preferredSize=]
2024-03-25 12:59:29,523 [INFO] ADCParametersView:116 -                Rank 1 : false
2024-03-25 12:59:29,523 [INFO] ADCParametersView:116 -                Rank 1 : false
2024-03-25 12:59:29,523 [INFO] ADCParametersView:116 -                Rank 1 : false
2024-03-25 12:59:29,523 [INFO] ADCParametersView:116 -                Rank 1 : false
2024-03-25 12:59:29,523 [INFO] ADCParametersView:116 -                Rank 1 : false
2024-03-25 12:59:29,523 [INFO] ADCParametersView:116 -                Rank 1 : false
2024-03-25 12:59:29,523 [INFO] ADCParametersView:116 -                Rank 1 : false
2024-03-25 12:59:29,523 [INFO] ADCParametersView:116 -                Rank 1 : false
2024-03-25 12:59:29,523 [INFO] ADCParametersView:116 -                Rank 1 : false
2024-03-25 12:59:29,523 [INFO] ADCParametersView:116 -                Rank 1 : false
2024-03-25 12:59:29,523 [INFO] ADCParametersView:116 -                Rank 1 : false
2024-03-25 12:59:29,523 [INFO] ADCParametersView:116 -                Rank 1 : false
2024-03-25 12:59:29,523 [INFO] ADCParametersView:116 -                Rank 1 : false
2024-03-25 12:59:29,523 [INFO] ADCParametersView:116 -                Rank 1 : false
2024-03-25 12:59:29,539 [INFO] ADCParametersView:116 -                Rank 1 : false
2024-03-25 12:59:29,570 [INFO] ADCParametersView:116 -                Rank 1 : false
2024-03-25 12:59:29,570 [INFO] ADCParametersView:116 -                Rank 1 : false
2024-03-25 12:59:29,570 [INFO] ADCParametersView:116 -                Rank 1 : false
2024-03-25 12:59:29,570 [INFO] ADCParametersView:116 -                Rank 1 : false
2024-03-25 12:59:29,570 [INFO] ADCParametersView:116 -                Rank 1 : false
2024-03-25 12:59:29,570 [INFO] ADCParametersView:116 -                Rank 1 : false
2024-03-25 12:59:29,570 [INFO] ADCParametersView:116 -                Rank 1 : false
2024-03-25 12:59:29,570 [INFO] ADCParametersView:116 -                Rank 1 : false
2024-03-25 12:59:29,570 [INFO] ADCParametersView:116 -                Rank 1 : false
2024-03-25 12:59:29,570 [INFO] ADCParametersView:116 -                Rank 1 : false
2024-03-25 12:59:29,570 [INFO] ADCParametersView:116 -                Rank 1 : false
2024-03-25 12:59:29,570 [INFO] ADCParametersView:116 -                Rank 1 : false
2024-03-25 12:59:29,570 [INFO] ADCParametersView:116 -                Rank 1 : false
2024-03-25 12:59:29,570 [INFO] ADCParametersView:116 -                Rank 1 : false
2024-03-25 12:59:29,601 [INFO] ADCParametersView:116 -                Rank 1 : false
2024-03-25 12:59:29,601 [INFO] NvicIntPanel:101 - NVIC parent = com.st.microxplorer.plugins.ip.nvic.MultiNvicIntPanel[,0,0,0x0,invalid,layout=javax.swing.BoxLayout,alignmentX=0.0,alignmentY=0.0,border=,flags=9,maximumSize=,minimumSize=,preferredSize=]
2024-03-25 12:59:29,646 [WARN] IP:2119 - DEVICE_SERIAL0_CDC_FS not found: check if there is a RefParameter without a condition.
2024-03-25 12:59:29,646 [WARN] IP:2119 - DEVICE_SERIAL1_CDC_FS not found: check if there is a RefParameter without a condition.
2024-03-25 12:59:29,646 [WARN] IP:2119 - DEVICE_SERIAL2_CDC_FS not found: check if there is a RefParameter without a condition.
2024-03-25 12:59:29,646 [WARN] IP:2119 - DEVICE_SERIAL0_CDC_FS not found: check if there is a RefParameter without a condition.
2024-03-25 12:59:29,646 [WARN] IP:2119 - DEVICE_SERIAL1_CDC_FS not found: check if there is a RefParameter without a condition.
2024-03-25 12:59:29,646 [WARN] IP:2119 - DEVICE_SERIAL2_CDC_FS not found: check if there is a RefParameter without a condition.
2024-03-25 12:59:29,708 [WARN] IP:2119 - I2C_Coeff_DF not found: check if there is a RefParameter without a condition.
2024-03-25 12:59:29,708 [WARN] IP:2119 - Analog_Filter not found: check if there is a RefParameter without a condition.
2024-03-25 12:59:29,708 [WARN] IP:2119 - I2C_Coeff_DF not found: check if there is a RefParameter without a condition.
2024-03-25 12:59:29,708 [WARN] IP:2119 - Analog_Filter not found: check if there is a RefParameter without a condition.
2024-03-25 12:59:29,708 [WARN] IP:2119 - DEVICE_SERIAL0_CDC_FS not found: check if there is a RefParameter without a condition.
2024-03-25 12:59:29,708 [WARN] IP:2119 - DEVICE_SERIAL1_CDC_FS not found: check if there is a RefParameter without a condition.
2024-03-25 12:59:29,708 [WARN] IP:2119 - DEVICE_SERIAL2_CDC_FS not found: check if there is a RefParameter without a condition.
2024-03-25 12:59:29,740 [WARN] IP:2119 - I2C_Coeff_DF not found: check if there is a RefParameter without a condition.
2024-03-25 12:59:29,740 [WARN] IP:2119 - Analog_Filter not found: check if there is a RefParameter without a condition.
2024-03-25 12:59:29,740 [WARN] IP:2119 - DEVICE_SERIAL0_CDC_FS not found: check if there is a RefParameter without a condition.
2024-03-25 12:59:29,740 [WARN] IP:2119 - DEVICE_SERIAL1_CDC_FS not found: check if there is a RefParameter without a condition.
2024-03-25 12:59:29,740 [WARN] IP:2119 - DEVICE_SERIAL2_CDC_FS not found: check if there is a RefParameter without a condition.
2024-03-25 12:59:29,771 [WARN] IP:2119 - I2C_Coeff_DF not found: check if there is a RefParameter without a condition.
2024-03-25 12:59:29,771 [WARN] IP:2119 - Analog_Filter not found: check if there is a RefParameter without a condition.
2024-03-25 12:59:29,786 [INFO] ADCParametersView:116 -                Rank 1 : false
2024-03-25 12:59:29,786 [INFO] ADCParametersView:116 -                Rank 1 : false
2024-03-25 12:59:29,786 [INFO] ADCParametersView:116 -                Rank 1 : false
2024-03-25 12:59:29,786 [INFO] ADCParametersView:116 -                Rank 1 : false
2024-03-25 12:59:29,786 [INFO] ADCParametersView:116 -                Rank 1 : false
2024-03-25 12:59:29,786 [INFO] ADCParametersView:116 -                Rank 1 : false
2024-03-25 12:59:29,786 [INFO] ADCParametersView:116 -                Rank 1 : false
2024-03-25 12:59:29,786 [INFO] ADCParametersView:116 -                Rank 1 : false
2024-03-25 12:59:29,786 [INFO] ADCParametersView:116 -                Rank 1 : false
2024-03-25 12:59:29,786 [INFO] ADCParametersView:116 -                Rank 1 : false
2024-03-25 12:59:29,786 [INFO] ADCParametersView:116 -                Rank 1 : false
2024-03-25 12:59:29,786 [INFO] ADCParametersView:116 -                Rank 1 : false
2024-03-25 12:59:29,786 [INFO] ADCParametersView:116 -                Rank 1 : false
2024-03-25 12:59:29,786 [INFO] ADCParametersView:116 -                Rank 1 : false
2024-03-25 12:59:29,802 [INFO] ADCParametersView:116 -                Rank 1 : false
2024-03-25 12:59:29,833 [INFO] ADCParametersView:116 -                Rank 1 : false
2024-03-25 12:59:29,833 [INFO] ADCParametersView:116 -                Rank 1 : false
2024-03-25 12:59:29,833 [INFO] ADCParametersView:116 -                Rank 1 : false
2024-03-25 12:59:29,833 [INFO] ADCParametersView:116 -                Rank 1 : false
2024-03-25 12:59:29,833 [INFO] ADCParametersView:116 -                Rank 1 : false
2024-03-25 12:59:29,833 [INFO] ADCParametersView:116 -                Rank 1 : false
2024-03-25 12:59:29,833 [INFO] ADCParametersView:116 -                Rank 1 : false
2024-03-25 12:59:29,833 [INFO] ADCParametersView:116 -                Rank 1 : false
2024-03-25 12:59:29,833 [INFO] ADCParametersView:116 -                Rank 1 : false
2024-03-25 12:59:29,833 [INFO] ADCParametersView:116 -                Rank 1 : false
2024-03-25 12:59:29,833 [INFO] ADCParametersView:116 -                Rank 1 : false
2024-03-25 12:59:29,833 [INFO] ADCParametersView:116 -                Rank 1 : false
2024-03-25 12:59:29,833 [INFO] ADCParametersView:116 -                Rank 1 : false
2024-03-25 12:59:29,833 [INFO] ADCParametersView:116 -                Rank 1 : false
2024-03-25 12:59:29,849 [INFO] ADCParametersView:116 -                Rank 1 : false
2024-03-25 12:59:29,865 [INFO] NvicIntPanel:101 - NVIC parent = com.st.microxplorer.plugins.ip.nvic.MultiNvicIntPanel[,0,0,0x0,invalid,layout=javax.swing.BoxLayout,alignmentX=0.0,alignmentY=0.0,border=,flags=9,maximumSize=,minimumSize=,preferredSize=]
2024-03-25 12:59:33,163 [INFO] Gpio:277 - dependency for GPIO [ADC1, I2C2, RCC, SYS, USB_OTG_FS]
2024-03-25 12:59:42,017 [INFO] UtilMem:75 - End SaveConfig() Used Memory: 875655984 Bytes (1073741824)
2024-03-25 12:59:42,509 [INFO] UtilMem:75 - End SaveConfig() Used Memory: 900821808 Bytes (1073741824)
2024-03-25 12:59:42,689 [INFO] UtilMem:75 - End SaveConfig() Used Memory: 952929120 Bytes (1073741824)
2024-03-25 12:59:42,909 [INFO] BlockDiagram:2759 - set Specific Code input for plugin: USB_OTG_FS
2024-03-25 12:59:42,909 [INFO] BlockDiagram:2759 - set Specific Code input for plugin: NVIC
2024-03-25 12:59:42,909 [INFO] BlockDiagram:2759 - set Specific Code input for plugin: USB_DEVICE
2024-03-25 12:59:42,909 [INFO] BlockDiagram:2759 - set Specific Code input for plugin: SYS
2024-03-25 12:59:42,909 [INFO] BlockDiagram:2759 - set Specific Code input for plugin: GPIO
2024-03-25 12:59:42,909 [INFO] BlockDiagram:2759 - set Specific Code input for plugin: ADC
2024-03-25 12:59:42,909 [INFO] BlockDiagram:2759 - set Specific Code input for plugin: RCC
2024-03-25 12:59:42,909 [INFO] BlockDiagram:2759 - set Specific Code input for plugin: I2C
2024-03-25 12:59:42,911 [INFO] CodeGenerator:807 - code generatio: config db path: C:\ST\STM32CubeIDE_1.14.1\STM32CubeIDE\plugins\com.st.stm32cube.common.mx_6.10.0.202311202037\\db\
2024-03-25 12:59:42,917 [WARN] IP:2119 - I2C_Coeff_DF not found: check if there is a RefParameter without a condition.
2024-03-25 12:59:42,917 [WARN] IP:2119 - Analog_Filter not found: check if there is a RefParameter without a condition.
2024-03-25 12:59:42,926 [WARN] IP:2119 - DEVICE_SERIAL0_CDC_FS not found: check if there is a RefParameter without a condition.
2024-03-25 12:59:42,926 [WARN] IP:2119 - DEVICE_SERIAL1_CDC_FS not found: check if there is a RefParameter without a condition.
2024-03-25 12:59:42,926 [WARN] IP:2119 - DEVICE_SERIAL2_CDC_FS not found: check if there is a RefParameter without a condition.
2024-03-25 12:59:43,080 [INFO] CodeEngine:255 - oldGeneratedFile, C:\Users\ACER\STM32CubeIDE\workspace_1.14.1\ModoADCSincrono\MXTmpFiles\license.tmp_save
2024-03-25 12:59:43,187 [INFO] CodeEngine:279 - Generated code: C:\Users\ACER\STM32CubeIDE\workspace_1.14.1\ModoADCSincrono\MXTmpFiles\license.tmp
2024-03-25 12:59:43,247 [INFO] CodeEngine:255 - oldGeneratedFile, C:\Users\ACER\STM32CubeIDE\workspace_1.14.1\ModoADCSincrono\MXTmpFiles\gpio.tmp_save
2024-03-25 12:59:43,375 [INFO] CodeEngine:279 - Generated code: C:\Users\ACER\STM32CubeIDE\workspace_1.14.1\ModoADCSincrono\MXTmpFiles\gpio.tmp
2024-03-25 12:59:43,411 [WARN] IPConfigManager:2946 - Warning: the RefConfig PWREx_EnableUSBVoltageDetector is not available in your config.xml file
2024-03-25 12:59:43,421 [INFO] CodeEngine:255 - oldGeneratedFile, C:\Users\ACER\STM32CubeIDE\workspace_1.14.1\ModoADCSincrono\MXTmpFiles\usb_otg_fs_vars.tmp_save
2024-03-25 12:59:43,531 [INFO] CodeEngine:279 - Generated code: C:\Users\ACER\STM32CubeIDE\workspace_1.14.1\ModoADCSincrono\MXTmpFiles\usb_otg_fs_vars.tmp
2024-03-25 12:59:43,537 [INFO] CodeEngine:255 - oldGeneratedFile, C:\Users\ACER\STM32CubeIDE\workspace_1.14.1\ModoADCSincrono\MXTmpFiles\usb_otg_fs_inc.tmp_save
2024-03-25 12:59:43,665 [INFO] CodeEngine:279 - Generated code: C:\Users\ACER\STM32CubeIDE\workspace_1.14.1\ModoADCSincrono\MXTmpFiles\usb_otg_fs_inc.tmp
2024-03-25 12:59:43,671 [INFO] CodeEngine:255 - oldGeneratedFile, C:\Users\ACER\STM32CubeIDE\workspace_1.14.1\ModoADCSincrono\MXTmpFiles\usb_otg_fs_HalInit.tmp_save
2024-03-25 12:59:43,800 [INFO] CodeEngine:279 - Generated code: C:\Users\ACER\STM32CubeIDE\workspace_1.14.1\ModoADCSincrono\MXTmpFiles\usb_otg_fs_HalInit.tmp
2024-03-25 12:59:43,805 [INFO] CodeEngine:255 - oldGeneratedFile, C:\Users\ACER\STM32CubeIDE\workspace_1.14.1\ModoADCSincrono\MXTmpFiles\usb_otg_fs_Msp.tmp_save
2024-03-25 12:59:43,907 [INFO] CodeEngine:279 - Generated code: C:\Users\ACER\STM32CubeIDE\workspace_1.14.1\ModoADCSincrono\MXTmpFiles\usb_otg_fs_Msp.tmp
2024-03-25 12:59:44,049 [INFO] Middleware:1439 - No code input for Bsp Dependency
2024-03-25 12:59:44,055 [INFO] Middleware:1439 - No code input for Bsp Dependency
2024-03-25 12:59:44,075 [INFO] CodeEngine:255 - oldGeneratedFile, C:\Users\ACER\STM32CubeIDE\workspace_1.14.1\ModoADCSincrono\USB_DEVICE\App\usb_device.c_save
2024-03-25 12:59:44,180 [INFO] CodeEngine:279 - Generated code: C:\Users\ACER\STM32CubeIDE\workspace_1.14.1\ModoADCSincrono\USB_DEVICE\App\usb_device.c
2024-03-25 12:59:44,189 [INFO] CodeEngine:255 - oldGeneratedFile, C:\Users\ACER\STM32CubeIDE\workspace_1.14.1\ModoADCSincrono\USB_DEVICE\App\usb_device.h_save
2024-03-25 12:59:44,272 [INFO] CodeEngine:279 - Generated code: C:\Users\ACER\STM32CubeIDE\workspace_1.14.1\ModoADCSincrono\USB_DEVICE\App\usb_device.h
2024-03-25 12:59:44,280 [INFO] CodeEngine:255 - oldGeneratedFile, C:\Users\ACER\STM32CubeIDE\workspace_1.14.1\ModoADCSincrono\USB_DEVICE\Target\usbd_conf.h_save
2024-03-25 12:59:44,372 [INFO] CodeEngine:279 - Generated code: C:\Users\ACER\STM32CubeIDE\workspace_1.14.1\ModoADCSincrono\USB_DEVICE\Target\usbd_conf.h
2024-03-25 12:59:44,388 [INFO] CodeEngine:255 - oldGeneratedFile, C:\Users\ACER\STM32CubeIDE\workspace_1.14.1\ModoADCSincrono\USB_DEVICE\Target\usbd_conf.c_save
2024-03-25 12:59:44,502 [INFO] CodeEngine:279 - Generated code: C:\Users\ACER\STM32CubeIDE\workspace_1.14.1\ModoADCSincrono\USB_DEVICE\Target\usbd_conf.c
2024-03-25 12:59:44,511 [INFO] CodeEngine:255 - oldGeneratedFile, C:\Users\ACER\STM32CubeIDE\workspace_1.14.1\ModoADCSincrono\USB_DEVICE\App\usbd_desc.h_save
2024-03-25 12:59:44,583 [INFO] CodeEngine:279 - Generated code: C:\Users\ACER\STM32CubeIDE\workspace_1.14.1\ModoADCSincrono\USB_DEVICE\App\usbd_desc.h
2024-03-25 12:59:44,598 [INFO] CodeEngine:255 - oldGeneratedFile, C:\Users\ACER\STM32CubeIDE\workspace_1.14.1\ModoADCSincrono\USB_DEVICE\App\usbd_desc.c_save
2024-03-25 12:59:44,713 [INFO] CodeEngine:279 - Generated code: C:\Users\ACER\STM32CubeIDE\workspace_1.14.1\ModoADCSincrono\USB_DEVICE\App\usbd_desc.c
2024-03-25 12:59:44,722 [INFO] CodeEngine:255 - oldGeneratedFile, C:\Users\ACER\STM32CubeIDE\workspace_1.14.1\ModoADCSincrono\USB_DEVICE\App\usbd_cdc_if.h_save
2024-03-25 12:59:44,797 [INFO] CodeEngine:279 - Generated code: C:\Users\ACER\STM32CubeIDE\workspace_1.14.1\ModoADCSincrono\USB_DEVICE\App\usbd_cdc_if.h
2024-03-25 12:59:44,814 [INFO] CodeEngine:255 - oldGeneratedFile, C:\Users\ACER\STM32CubeIDE\workspace_1.14.1\ModoADCSincrono\USB_DEVICE\App\usbd_cdc_if.c_save
2024-03-25 12:59:44,928 [INFO] CodeEngine:279 - Generated code: C:\Users\ACER\STM32CubeIDE\workspace_1.14.1\ModoADCSincrono\USB_DEVICE\App\usbd_cdc_if.c
2024-03-25 12:59:44,954 [INFO] CodeEngine:255 - oldGeneratedFile, C:\Users\ACER\STM32CubeIDE\workspace_1.14.1\ModoADCSincrono\Core\Src\stm32f4xx_it.c_save
2024-03-25 12:59:45,147 [INFO] CodeEngine:279 - Generated code: C:\Users\ACER\STM32CubeIDE\workspace_1.14.1\ModoADCSincrono\Core\Src\stm32f4xx_it.c
2024-03-25 12:59:45,157 [INFO] CodeEngine:255 - oldGeneratedFile, C:\Users\ACER\STM32CubeIDE\workspace_1.14.1\ModoADCSincrono\Core\Inc\stm32f4xx_it.h_save
2024-03-25 12:59:45,245 [INFO] CodeEngine:279 - Generated code: C:\Users\ACER\STM32CubeIDE\workspace_1.14.1\ModoADCSincrono\Core\Inc\stm32f4xx_it.h
2024-03-25 12:59:45,275 [INFO] CodeEngine:255 - oldGeneratedFile, C:\Users\ACER\STM32CubeIDE\workspace_1.14.1\ModoADCSincrono\Core\Src\stm32f4xx_hal_msp.c_save
2024-03-25 12:59:45,392 [INFO] CodeEngine:279 - Generated code: C:\Users\ACER\STM32CubeIDE\workspace_1.14.1\ModoADCSincrono\Core\Src\stm32f4xx_hal_msp.c
2024-03-25 12:59:45,399 [INFO] CodeEngine:255 - oldGeneratedFile, C:\Users\ACER\STM32CubeIDE\workspace_1.14.1\ModoADCSincrono\MXTmpFiles\system.tmp_save
2024-03-25 12:59:45,478 [INFO] CodeEngine:279 - Generated code: C:\Users\ACER\STM32CubeIDE\workspace_1.14.1\ModoADCSincrono\MXTmpFiles\system.tmp
2024-03-25 12:59:45,503 [INFO] CodeEngine:311 - oldGeneratedFile, C:\Users\ACER\STM32CubeIDE\workspace_1.14.1\ModoADCSincrono\Core\Inc\stm32f4xx_hal_conf.h_save
2024-03-25 12:59:45,629 [INFO] CodeEngine:335 - Generated code: C:\Users\ACER\STM32CubeIDE\workspace_1.14.1\ModoADCSincrono\Core\Inc\stm32f4xx_hal_conf.h
2024-03-25 12:59:45,695 [INFO] CodeEngine:255 - oldGeneratedFile, C:\Users\ACER\STM32CubeIDE\workspace_1.14.1\ModoADCSincrono\Core\Inc\main.h_save
2024-03-25 12:59:45,839 [INFO] CodeEngine:279 - Generated code: C:\Users\ACER\STM32CubeIDE\workspace_1.14.1\ModoADCSincrono\Core\Inc\main.h
2024-03-25 12:59:45,857 [INFO] CodeEngine:255 - oldGeneratedFile, C:\Users\ACER\STM32CubeIDE\workspace_1.14.1\ModoADCSincrono\Core\Src\main.c_save
2024-03-25 12:59:46,015 [INFO] CodeEngine:279 - Generated code: C:\Users\ACER\STM32CubeIDE\workspace_1.14.1\ModoADCSincrono\Core\Src\main.c
2024-03-25 12:59:46,733 [INFO] ProjectBuilder:3076 - Time for Copy HAL[1] : 284mS.
2024-03-25 12:59:46,741 [INFO] ProjectBuilder:4485 - Project Generator version: 4.2.0-B44
2024-03-25 12:59:47,097 [INFO] ConfigFileManager:1495 - The Die is : DIE431
2024-03-25 12:59:49,332 [INFO] ProjectBuilder:4747 - Time for Generating toolchain IDE Files: 2591mS.
2024-03-25 12:59:49,333 [INFO] ProjectBuilder:2947 - Time for Copy CMSIS : 1mS.
2024-03-25 12:59:49,341 [INFO] ProjectBuilder:2947 - Time for Copy CMSIS : 0mS.
2024-03-25 13:02:44,220 [WARN] IP:2119 - I2C_Coeff_DF not found: check if there is a RefParameter without a condition.
2024-03-25 13:02:44,220 [WARN] IP:2119 - Analog_Filter not found: check if there is a RefParameter without a condition.
2024-03-25 13:16:53,194 [INFO] MainUpdater:2873 - connection check result : 10
2024-03-25 13:16:53,194 [INFO] MainUpdater:2873 - connection check result : 10
2024-03-25 13:16:53,232 [INFO] MicroXplorer:468 - Change Database Path : 
2024-03-25 13:16:53,232 [INFO] MicroXplorer:498 - Change Database Version : DB.6.0.100
2024-03-25 13:16:53,237 [ERROR] ProjectManagerView:394 - 
java.lang.NullPointerException: Cannot invoke "javax.swing.JTextField.getText()" because the return value of "java.util.List.get(int)" is null
	at com.st.microxplorer.plugins.projectmanager.gui.ProjectChoiceTab$10.caretUpdate(ProjectChoiceTab.java:2493) ~[filemanager.jar:?]
	at javax.swing.text.JTextComponent.fireCaretUpdate(JTextComponent.java:412) ~[?:?]
	at javax.swing.text.JTextComponent$MutableCaretEvent.fire(JTextComponent.java:4491) ~[?:?]
	at javax.swing.text.JTextComponent$MutableCaretEvent.stateChanged(JTextComponent.java:4513) ~[?:?]
	at javax.swing.text.DefaultCaret.fireStateChanged(DefaultCaret.java:842) ~[?:?]
	at javax.swing.text.DefaultCaret.changeCaretPosition(DefaultCaret.java:1313) ~[?:?]
	at javax.swing.text.DefaultCaret.handleSetDot(DefaultCaret.java:1212) ~[?:?]
	at javax.swing.text.DefaultCaret.setDot(DefaultCaret.java:1193) ~[?:?]
	at javax.swing.text.DefaultCaret$Handler.insertUpdate(DefaultCaret.java:1789) ~[?:?]
	at javax.swing.text.AbstractDocument.fireInsertUpdate(AbstractDocument.java:226) ~[?:?]
	at javax.swing.text.AbstractDocument.handleInsertString(AbstractDocument.java:780) ~[?:?]
	at javax.swing.text.AbstractDocument.insertString(AbstractDocument.java:739) ~[?:?]
	at javax.swing.text.PlainDocument.insertString(PlainDocument.java:131) ~[?:?]
	at javax.swing.text.AbstractDocument.replace(AbstractDocument.java:698) ~[?:?]
	at javax.swing.text.JTextComponent.setText(JTextComponent.java:1729) ~[?:?]
	at com.st.microxplorer.plugins.projectmanager.gui.ProjectChoiceTab.createHeapStackFields(ProjectChoiceTab.java:933) ~[filemanager.jar:?]
	at com.st.microxplorer.plugins.projectmanager.gui.ProjectChoiceTab.buildLinkSettingsPanel(ProjectChoiceTab.java:3426) ~[filemanager.jar:?]
	at com.st.microxplorer.plugins.projectmanager.gui.ProjectChoiceTab.defineWindowsFields(ProjectChoiceTab.java:1813) ~[filemanager.jar:?]
	at com.st.microxplorer.plugins.projectmanager.gui.ProjectChoiceTab.updateSettings(ProjectChoiceTab.java:533) ~[filemanager.jar:?]
	at com.st.microxplorer.plugins.projectmanager.gui.ProjectSettingsPanel.UpdateDialog(ProjectSettingsPanel.java:244) ~[filemanager.jar:?]
	at com.st.microxplorer.plugins.projectmanager.ProjectManagerView.propertyChange(ProjectManagerView.java:391) ~[filemanager.jar:?]
	at java.beans.PropertyChangeSupport.fire(PropertyChangeSupport.java:343) ~[?:?]
	at java.beans.PropertyChangeSupport.firePropertyChange(PropertyChangeSupport.java:335) ~[?:?]
	at java.beans.PropertyChangeSupport.firePropertyChange(PropertyChangeSupport.java:268) ~[?:?]
	at com.st.microxplorer.util.MXPropertyChangeSupport.firePropertyChange(MXPropertyChangeSupport.java:54) ~[STM32CubeMX.jar:?]
	at com.st.microxplorer.mxsystem.MxSystem.closeConfig(MxSystem.java:900) ~[STM32CubeMX.jar:?]
	at com.st.microxplorer.maingui.MainPanel.closeConfig(MainPanel.java:776) ~[STM32CubeMX.jar:?]
	at com.st.microxplorer.plugins.filemanager.engine.OpenFileManager.loadConfigurationFile(OpenFileManager.java:245) ~[filemanager.jar:?]
	at com.st.microxplorer.plugins.filemanager.engine.MainFileManager.userLoadConfig(MainFileManager.java:290) ~[filemanager.jar:?]
	at com.st.microxplorer.plugins.filemanager.FileManagerView.getSpecificTask(FileManagerView.java:247) ~[filemanager.jar:?]
	at com.st.stm32cube.common.mx.editor.CubeMxEditor.getMxTabbedPaneInstance(CubeMxEditor.java:1184) ~[com.st.stm32cube.common.mx_6.10.0.202311202037/:?]
	at com.st.stm32cube.common.mx.editor.CubeMxEditor$12$1.createSwingComponent(CubeMxEditor.java:1065) ~[com.st.stm32cube.common.mx_6.10.0.202311202037/:?]
	at com.st.stm32cube.common.mx.oss.core.awtswtbridge.EmbeddedSwingComposite.doComponentCreation(EmbeddedSwingComposite.java:492) ~[com.st.stm32cube.common.mx.oss_6.10.0.202311202037/:?]
	at com.st.stm32cube.common.mx.oss.core.awtswtbridge.EmbeddedSwingComposite$4.run(EmbeddedSwingComposite.java:291) ~[com.st.stm32cube.common.mx.oss_6.10.0.202311202037/:?]
	at com.st.stm32cube.common.mx.oss.core.awtswtbridge.AwtEnvironment$2.run(AwtEnvironment.java:166) ~[com.st.stm32cube.common.mx.oss_6.10.0.202311202037/:?]
	at java.awt.event.InvocationEvent.dispatch(InvocationEvent.java:318) ~[?:?]
	at java.awt.EventQueue.dispatchEventImpl(EventQueue.java:773) ~[?:?]
	at java.awt.EventQueue$4.run(EventQueue.java:720) ~[?:?]
	at java.awt.EventQueue$4.run(EventQueue.java:714) ~[?:?]
	at java.security.AccessController.doPrivileged(AccessController.java:399) ~[?:?]
	at java.security.ProtectionDomain$JavaSecurityAccessImpl.doIntersectionPrivilege(ProtectionDomain.java:86) ~[?:?]
	at java.awt.EventQueue.dispatchEvent(EventQueue.java:742) ~[?:?]
	at java.awt.EventDispatchThread.pumpOneEventForFilters(EventDispatchThread.java:203) ~[?:?]
	at java.awt.EventDispatchThread.pumpEventsForFilter(EventDispatchThread.java:124) ~[?:?]
	at java.awt.EventDispatchThread.pumpEventsForHierarchy(EventDispatchThread.java:113) ~[?:?]
	at java.awt.EventDispatchThread.pumpEvents(EventDispatchThread.java:109) ~[?:?]
	at java.awt.EventDispatchThread.pumpEvents(EventDispatchThread.java:101) ~[?:?]
	at java.awt.EventDispatchThread.run(EventDispatchThread.java:90) ~[?:?]
2024-03-25 13:16:53,238 [WARN] ThirdParty:871 - waiting for thirdparty lock release [close project]
2024-03-25 13:16:53,238 [INFO] ThirdParty:873 - entering critical section [close project]
2024-03-25 13:16:53,238 [INFO] ThirdParty:883 - exiting critical section [close project]
2024-03-25 13:16:53,239 [INFO] PinOutPanel:1499 - setPackage(No Configuration,No Configuration)
2024-03-25 13:16:53,242 [WARN] IpParametersView:151 - Warning: This peripheral hasn't parameters
2024-03-25 13:16:53,245 [WARN] MainPanel:272 - <html><b><center>Warning: This peripheral has no parameters to be configured<br></b></html>
2024-03-25 13:16:53,248 [INFO] UtilMem:75 - Begin LoadConfig() Used Memory: 873326016 Bytes (1073741824)
2024-03-25 13:16:53,248 [INFO] MicroXplorer:468 - Change Database Path : 
2024-03-25 13:16:53,248 [INFO] MicroXplorer:498 - Change Database Version : DB.6.0.100
2024-03-25 13:16:53,248 [INFO] OpenFileManager:312 - Change cursor
2024-03-25 13:16:53,256 [INFO] RulesReader:64 - Compatibility file has been processed (297 Rules)
2024-03-25 13:16:53,258 [INFO] Mcu:2016 - Initializing MCU STM32F411C(C-E)Ux STM32F411CEUx STM32F411CEU6
2024-03-25 13:16:54,376 [INFO] Context:659 - Trying to add GPIOservice into a context  which must be forbidden
2024-03-25 13:16:54,626 [INFO] RtosManager:555 - Registered RTOS mode: class=CMSIS, group=RTOS, mode=CMSIS_V1, owner=FREERTOS
2024-03-25 13:16:54,626 [INFO] RtosManager:555 - Registered RTOS mode: class=CMSIS, group=RTOS2, mode=CMSIS_V2, owner=FREERTOS
2024-03-25 13:16:54,626 [INFO] RtosManager:555 - Registered RTOS mode: class=RTOS, group=Core, mode=CMSIS_V1, owner=FREERTOS
2024-03-25 13:16:54,626 [INFO] RtosManager:555 - Registered RTOS mode: class=RTOS, group=Core, mode=CMSIS_V2, owner=FREERTOS
2024-03-25 13:16:54,626 [WARN] ModelIntegratedComponent:184 - Missing modes for component STMicroelectronics:FreeRTOS:0.0.1:STMicroelectronics:RTOS:FreeRTOS:Core:::10.2.0:
2024-03-25 13:16:54,630 [WARN] ModelIntegratedComponent:182 - Modes not found for component STMicroelectronics:USB_HOST:1.0.0:STMicroelectronics:USB::USB Host:Audio HS::1.0:USB_HOST_1_0_RESTRICTED_HS
2024-03-25 13:16:54,631 [WARN] ModelIntegratedComponent:188 - Modes not found for component STMicroelectronics:USB_HOST:1.0.0:STMicroelectronics:USB::USB Host:Audio HS::1.0:USB_HOST_1_0_RESTRICTED_HS
2024-03-25 13:16:54,631 [WARN] ModelIntegratedComponent:182 - Modes not found for component STMicroelectronics:USB_HOST:1.0.0:STMicroelectronics:USB::USB Host:CDC HS::1.0:USB_HOST_1_0_RESTRICTED_HS
2024-03-25 13:16:54,631 [WARN] ModelIntegratedComponent:188 - Modes not found for component STMicroelectronics:USB_HOST:1.0.0:STMicroelectronics:USB::USB Host:CDC HS::1.0:USB_HOST_1_0_RESTRICTED_HS
2024-03-25 13:16:54,631 [WARN] ModelIntegratedComponent:182 - Modes not found for component STMicroelectronics:USB_HOST:1.0.0:STMicroelectronics:USB::USB Host:MSC HS::1.0:USB_HOST_1_0_RESTRICTED_HS
2024-03-25 13:16:54,631 [WARN] ModelIntegratedComponent:188 - Modes not found for component STMicroelectronics:USB_HOST:1.0.0:STMicroelectronics:USB::USB Host:MSC HS::1.0:USB_HOST_1_0_RESTRICTED_HS
2024-03-25 13:16:54,631 [WARN] ModelIntegratedComponent:182 - Modes not found for component STMicroelectronics:USB_HOST:1.0.0:STMicroelectronics:USB::USB Host:HID HS::1.0:USB_HOST_1_0_RESTRICTED_HS
2024-03-25 13:16:54,631 [WARN] ModelIntegratedComponent:188 - Modes not found for component STMicroelectronics:USB_HOST:1.0.0:STMicroelectronics:USB::USB Host:HID HS::1.0:USB_HOST_1_0_RESTRICTED_HS
2024-03-25 13:16:54,631 [WARN] ModelIntegratedComponent:182 - Modes not found for component STMicroelectronics:USB_HOST:1.0.0:STMicroelectronics:USB::USB Host:MTP HS::1.0:USB_HOST_1_0_RESTRICTED_HS
2024-03-25 13:16:54,631 [WARN] ModelIntegratedComponent:188 - Modes not found for component STMicroelectronics:USB_HOST:1.0.0:STMicroelectronics:USB::USB Host:MTP HS::1.0:USB_HOST_1_0_RESTRICTED_HS
2024-03-25 13:16:54,636 [WARN] ModelIntegratedComponent:63 - No mode defined for component null
2024-03-25 13:16:54,636 [WARN] ModelIntegratedComponent:63 - No mode defined for component null
2024-03-25 13:16:54,636 [WARN] ModelIntegratedComponent:63 - No mode defined for component null
2024-03-25 13:16:54,636 [WARN] ModelIntegratedComponent:63 - No mode defined for component null
2024-03-25 13:16:54,636 [WARN] ModelIntegratedComponent:63 - No mode defined for component null
2024-03-25 13:16:54,636 [WARN] ModelIntegratedComponent:63 - No mode defined for component null
2024-03-25 13:16:54,636 [WARN] ModelIntegratedComponent:63 - No mode defined for component null
2024-03-25 13:16:54,636 [WARN] ModelIntegratedComponent:63 - No mode defined for component null
2024-03-25 13:16:54,636 [WARN] ModelIntegratedComponent:63 - No mode defined for component null
2024-03-25 13:16:54,636 [WARN] ModelIntegratedComponent:63 - No mode defined for component null
2024-03-25 13:16:54,636 [WARN] ModelIntegratedComponent:63 - No mode defined for component null
2024-03-25 13:16:54,636 [WARN] ModelIntegratedComponent:63 - No mode defined for component null
2024-03-25 13:16:54,636 [WARN] ModelIntegratedComponent:63 - No mode defined for component null
2024-03-25 13:16:54,636 [WARN] ModelIntegratedComponent:63 - No mode defined for component null
2024-03-25 13:16:54,636 [WARN] ModelIntegratedComponent:63 - No mode defined for component null
2024-03-25 13:16:54,636 [WARN] ModelIntegratedComponent:63 - No mode defined for component null
2024-03-25 13:16:54,636 [WARN] ModelIntegratedComponent:63 - No mode defined for component null
2024-03-25 13:16:54,636 [WARN] ModelIntegratedComponent:63 - No mode defined for component null
2024-03-25 13:16:54,636 [WARN] ModelIntegratedComponent:63 - No mode defined for component null
2024-03-25 13:16:54,636 [WARN] ModelIntegratedComponent:63 - No mode defined for component null
2024-03-25 13:16:54,636 [WARN] ModelIntegratedComponent:63 - No mode defined for component null
2024-03-25 13:16:54,636 [WARN] ModelIntegratedComponent:63 - No mode defined for component null
2024-03-25 13:16:54,637 [WARN] ModelIntegratedComponent:63 - No mode defined for component null
2024-03-25 13:16:54,637 [WARN] ModelIntegratedComponent:63 - No mode defined for component null
2024-03-25 13:16:54,637 [WARN] ModelIntegratedComponent:63 - No mode defined for component null
2024-03-25 13:16:54,637 [WARN] ModelIntegratedComponent:63 - No mode defined for component null
2024-03-25 13:16:54,637 [WARN] ModelIntegratedComponent:63 - No mode defined for component null
2024-03-25 13:16:54,637 [WARN] ModelIntegratedComponent:63 - No mode defined for component null
2024-03-25 13:16:54,637 [WARN] ModelIntegratedComponent:63 - No mode defined for component null
2024-03-25 13:16:54,637 [WARN] ModelIntegratedComponent:63 - No mode defined for component null
2024-03-25 13:16:54,637 [WARN] ModelIntegratedComponent:63 - No mode defined for component null
2024-03-25 13:16:54,637 [WARN] ModelIntegratedComponent:63 - No mode defined for component null
2024-03-25 13:16:54,637 [WARN] ModelIntegratedComponent:63 - No mode defined for component null
2024-03-25 13:16:54,806 [WARN] ModelIntegratedComponent:182 - Modes not found for component STMicroelectronics:USB_DEVICE:1.0.0:STMicroelectronics:USB::USB Device:Audio HS::1.0:USB_DEVICE_1_0_RESTRICTED_HS
2024-03-25 13:16:54,806 [WARN] ModelIntegratedComponent:188 - Modes not found for component STMicroelectronics:USB_DEVICE:1.0.0:STMicroelectronics:USB::USB Device:Audio HS::1.0:USB_DEVICE_1_0_RESTRICTED_HS
2024-03-25 13:16:54,807 [WARN] ModelIntegratedComponent:182 - Modes not found for component STMicroelectronics:USB_DEVICE:1.0.0:STMicroelectronics:USB::USB Device:CDC HS::1.0:USB_DEVICE_1_0_RESTRICTED_HS
2024-03-25 13:16:54,807 [WARN] ModelIntegratedComponent:188 - Modes not found for component STMicroelectronics:USB_DEVICE:1.0.0:STMicroelectronics:USB::USB Device:CDC HS::1.0:USB_DEVICE_1_0_RESTRICTED_HS
2024-03-25 13:16:54,807 [WARN] ModelIntegratedComponent:182 - Modes not found for component STMicroelectronics:USB_DEVICE:1.0.0:STMicroelectronics:USB::USB Device:DFU HS::1.0:USB_DEVICE_1_0_RESTRICTED_HS
2024-03-25 13:16:54,807 [WARN] ModelIntegratedComponent:188 - Modes not found for component STMicroelectronics:USB_DEVICE:1.0.0:STMicroelectronics:USB::USB Device:DFU HS::1.0:USB_DEVICE_1_0_RESTRICTED_HS
2024-03-25 13:16:54,807 [WARN] ModelIntegratedComponent:182 - Modes not found for component STMicroelectronics:USB_DEVICE:1.0.0:STMicroelectronics:USB::USB Device:HID HS::1.0:USB_DEVICE_1_0_RESTRICTED_HS
2024-03-25 13:16:54,807 [WARN] ModelIntegratedComponent:188 - Modes not found for component STMicroelectronics:USB_DEVICE:1.0.0:STMicroelectronics:USB::USB Device:HID HS::1.0:USB_DEVICE_1_0_RESTRICTED_HS
2024-03-25 13:16:54,807 [WARN] ModelIntegratedComponent:182 - Modes not found for component STMicroelectronics:USB_DEVICE:1.0.0:STMicroelectronics:USB::USB Device:Custom HID HS::1.0:USB_DEVICE_1_0_RESTRICTED_HS
2024-03-25 13:16:54,807 [WARN] ModelIntegratedComponent:188 - Modes not found for component STMicroelectronics:USB_DEVICE:1.0.0:STMicroelectronics:USB::USB Device:Custom HID HS::1.0:USB_DEVICE_1_0_RESTRICTED_HS
2024-03-25 13:16:54,807 [WARN] ModelIntegratedComponent:182 - Modes not found for component STMicroelectronics:USB_DEVICE:1.0.0:STMicroelectronics:USB::USB Device:MSC HS::1.0:USB_DEVICE_1_0_RESTRICTED_HS
2024-03-25 13:16:54,807 [WARN] ModelIntegratedComponent:188 - Modes not found for component STMicroelectronics:USB_DEVICE:1.0.0:STMicroelectronics:USB::USB Device:MSC HS::1.0:USB_DEVICE_1_0_RESTRICTED_HS
2024-03-25 13:16:54,845 [INFO] ThirdPartyModel:298 - Start build external matchings
2024-03-25 13:16:55,240 [INFO] ThirdPartyModel:316 - End build external matchings
2024-03-25 13:16:55,246 [INFO] ImportTextPane:194 - (OptionalMessage_ERROR) IP (RCC) : Parameter (RTCHSEDivFreq_Value) has invalid value (12500000)
2024-03-25 13:16:55,247 [WARN] IP:2119 - DEVICE_SERIAL0_CDC_FS not found: check if there is a RefParameter without a condition.
2024-03-25 13:16:55,247 [WARN] IP:2119 - DEVICE_SERIAL1_CDC_FS not found: check if there is a RefParameter without a condition.
2024-03-25 13:16:55,247 [WARN] IP:2119 - DEVICE_SERIAL2_CDC_FS not found: check if there is a RefParameter without a condition.
2024-03-25 13:16:55,491 [INFO] UtilMem:75 - End LoadConfig() Used Memory: 848843328 Bytes (1073741824)
2024-03-25 13:16:55,532 [INFO] MicroXplorer:468 - Change Database Path : 
2024-03-25 13:16:55,532 [INFO] MicroXplorer:498 - Change Database Version : DB.6.0.100
2024-03-25 13:16:55,532 [WARN] ThirdParty:833 - waiting for thirdparty lock release [change project]
2024-03-25 13:16:55,532 [INFO] ThirdParty:835 - entering critical section [change project]
2024-03-25 13:16:55,533 [INFO] ThirdParty:1030 - CMSIS Pack Vendor :STMicroelectronics USBPD 4.1
2024-03-25 13:16:55,533 [INFO] ThirdParty:1030 - CMSIS Pack Vendor :STMicroelectronics X-CUBE-GNSS1 6.0.0
2024-03-25 13:16:55,533 [INFO] ThirdParty:1030 - CMSIS Pack Vendor :STMicroelectronics USB_HOST 2.0.0
2024-03-25 13:16:55,533 [INFO] ThirdParty:1030 - CMSIS Pack Vendor :STMicroelectronics X-CUBE-AZRTOS-F4 1.1.0
2024-03-25 13:16:55,533 [INFO] ThirdParty:1030 - CMSIS Pack Vendor :STMicroelectronics LIBJPEG 8.0.0
2024-03-25 13:16:55,533 [INFO] ThirdParty:1030 - CMSIS Pack Vendor :STMicroelectronics X-CUBE-SMBUS 2.1.0
2024-03-25 13:16:55,533 [INFO] ThirdParty:1030 - CMSIS Pack Vendor :STMicroelectronics USB_DEVICE 3.0.0
2024-03-25 13:16:55,533 [INFO] ThirdParty:1030 - CMSIS Pack Vendor :STMicroelectronics X-CUBE-AZRTOS-WB 2.0.0
2024-03-25 13:16:55,533 [INFO] ThirdParty:1030 - CMSIS Pack Vendor :wolfSSL I-CUBE-wolfSSL 5.6.6
2024-03-25 13:16:55,533 [INFO] ThirdParty:1030 - CMSIS Pack Vendor :STMicroelectronics X-CUBE-TOUCHGFX 4.23.0
2024-03-25 13:16:55,533 [INFO] ThirdParty:1030 - CMSIS Pack Vendor :STMicroelectronics X-CUBE-AZRTOS-F7 1.1.0
2024-03-25 13:16:55,533 [INFO] ThirdParty:1030 - CMSIS Pack Vendor :STMicroelectronics X-CUBE-AZRTOS-L5 2.0.0
2024-03-25 13:16:55,533 [INFO] ThirdParty:1030 - CMSIS Pack Vendor :STMicroelectronics USB_DEVICE 2.0.0
2024-03-25 13:16:55,533 [INFO] ThirdParty:1030 - CMSIS Pack Vendor :ITTIA_DB I-CUBE-ITTIADB 8.8.0
2024-03-25 13:16:55,533 [INFO] ThirdParty:1030 - CMSIS Pack Vendor :STMicroelectronics FP-SNS-MOTENV1 4.3.2
2024-03-25 13:16:55,533 [INFO] ThirdParty:1030 - CMSIS Pack Vendor :STMicroelectronics X-CUBE-ALGOBUILD 1.3.0
2024-03-25 13:16:55,533 [INFO] ThirdParty:1030 - CMSIS Pack Vendor :STMicroelectronics FreeRTOS 0.0.1
2024-03-25 13:16:55,533 [INFO] ThirdParty:1030 - CMSIS Pack Vendor :STMicroelectronics X-CUBE-AZRTOS-G0 1.1.0
2024-03-25 13:16:55,533 [INFO] ThirdParty:1030 - CMSIS Pack Vendor :STMicroelectronics X-CUBE-NFC4 3.0.0
2024-03-25 13:16:55,533 [INFO] ThirdParty:1030 - CMSIS Pack Vendor :STMicroelectronics X-CUBE-SUBG2 5.0.0
2024-03-25 13:16:55,533 [INFO] ThirdParty:1030 - CMSIS Pack Vendor :STMicroelectronics STM32_WPAN 1.0.0
2024-03-25 13:16:55,533 [INFO] ThirdParty:1030 - CMSIS Pack Vendor :STMicroelectronics lwIP 2.0.3
2024-03-25 13:16:55,533 [INFO] ThirdParty:1030 - CMSIS Pack Vendor :STMicroelectronics FP-SNS-FLIGHT1 5.0.2
2024-03-25 13:16:55,533 [INFO] ThirdParty:1030 - CMSIS Pack Vendor :STMicroelectronics USB_HOST 1.0.0
2024-03-25 13:16:55,533 [INFO] ThirdParty:1030 - CMSIS Pack Vendor :STMicroelectronics X-CUBE-AZRTOS-G4 2.0.0
2024-03-25 13:16:55,533 [INFO] ThirdParty:1030 - CMSIS Pack Vendor :STMicroelectronics PDM2PCM 3.1.0
2024-03-25 13:16:55,533 [INFO] ThirdParty:1030 - CMSIS Pack Vendor :Infineon AIROC-Wi-Fi-Bluetooth-STM32 1.5.1
2024-03-25 13:16:55,533 [INFO] ThirdParty:1030 - CMSIS Pack Vendor :STMicroelectronics PDM2PCM 3.3.0
2024-03-25 13:16:55,533 [INFO] ThirdParty:1030 - CMSIS Pack Vendor :STMicroelectronics X-CUBE-DISPLAY 3.0.0
2024-03-25 13:16:55,533 [INFO] ThirdParty:1030 - CMSIS Pack Vendor :STMicroelectronics FP-SNS-MOTENVWB1 1.3.1
2024-03-25 13:16:55,533 [INFO] ThirdParty:1030 - CMSIS Pack Vendor :STMicroelectronics X-CUBE-BLE1 7.0.0
2024-03-25 13:16:55,533 [INFO] ThirdParty:1030 - CMSIS Pack Vendor :STMicroelectronics FP-ATR-SIGFOX1 3.2.0
2024-03-25 13:16:55,533 [INFO] ThirdParty:1030 - CMSIS Pack Vendor :STMicroelectronics X-CUBE-ISPU 2.0.0
2024-03-25 13:16:55,533 [INFO] ThirdParty:1030 - CMSIS Pack Vendor :STMicroelectronics X-CUBE-EEPRMA1 5.1.0
2024-03-25 13:16:55,533 [INFO] ThirdParty:1030 - CMSIS Pack Vendor :STMicroelectronics HAL Drivers 0.0.0
2024-03-25 13:16:55,533 [INFO] ThirdParty:1030 - CMSIS Pack Vendor :STMicroelectronics MBEDTLS 2.16.2
2024-03-25 13:16:55,533 [INFO] ThirdParty:1030 - CMSIS Pack Vendor :emotas I-CUBE-CANOPEN 1.3.0
2024-03-25 13:16:55,533 [INFO] ThirdParty:1030 - CMSIS Pack Vendor :STMicroelectronics X-CUBE-MEMS1 10.0.0
2024-03-25 13:16:55,533 [INFO] ThirdParty:1030 - CMSIS Pack Vendor :STMicroelectronics X-CUBE-FREERTOS 1.1.0
2024-03-25 13:16:55,534 [INFO] ThirdParty:1030 - CMSIS Pack Vendor :STMicroelectronics X-CUBE-NFC7 1.0.1
2024-03-25 13:16:55,534 [INFO] ThirdParty:1030 - CMSIS Pack Vendor :STMicroelectronics MBEDTLS 2.14.1
2024-03-25 13:16:55,534 [INFO] ThirdParty:1030 - CMSIS Pack Vendor :STMicroelectronics X-CUBE-NFC6 3.0.0
2024-03-25 13:16:55,534 [INFO] ThirdParty:1030 - CMSIS Pack Vendor :portGmbH I-Cube-SoM-uGOAL 1.1.0
2024-03-25 13:16:55,534 [INFO] ThirdParty:1030 - CMSIS Pack Vendor :STMicroelectronics X-CUBE-ALS 1.0.1
2024-03-25 13:16:55,534 [INFO] ThirdParty:1030 - CMSIS Pack Vendor :STMicroelectronics X-CUBE-BLEMGR 3.1.0
2024-03-25 13:16:55,534 [INFO] ThirdParty:1030 - CMSIS Pack Vendor :STMicroelectronics ThreadX 1.0.0
2024-03-25 13:16:55,534 [INFO] ThirdParty:1030 - CMSIS Pack Vendor :STMicroelectronics FP-SNS-SMARTAG2 1.2.0
2024-03-25 13:16:55,534 [INFO] ThirdParty:1030 - CMSIS Pack Vendor :STMicroelectronics X-CUBE-AZRTOS-WL 2.0.0
2024-03-25 13:16:55,534 [INFO] ThirdParty:1030 - CMSIS Pack Vendor :SEGGER I-CUBE-embOS 1.3.1
2024-03-25 13:16:55,534 [INFO] ThirdParty:1030 - CMSIS Pack Vendor :STMicroelectronics USB_DEVICE 1.0.0
2024-03-25 13:16:55,534 [INFO] ThirdParty:1030 - CMSIS Pack Vendor :STMicroelectronics X-CUBE-AI 8.1.0
2024-03-25 13:16:55,534 [INFO] ThirdParty:1030 - CMSIS Pack Vendor :STMicroelectronics X-CUBE-AZRTOS-L4 2.0.0
2024-03-25 13:16:55,534 [INFO] ThirdParty:1030 - CMSIS Pack Vendor :STMicroelectronics ThreadX 0.0.2
2024-03-25 13:16:55,534 [INFO] ThirdParty:1030 - CMSIS Pack Vendor :WES I-CUBE-Cesium 1.3.0
2024-03-25 13:16:55,534 [INFO] ThirdParty:1030 - CMSIS Pack Vendor :STMicroelectronics FP-ATR-ASTRA1 2.0.0
2024-03-25 13:16:55,534 [INFO] ThirdParty:1030 - CMSIS Pack Vendor :STMicroelectronics lwIP 2.1.2
2024-03-25 13:16:55,534 [INFO] ThirdParty:1030 - CMSIS Pack Vendor :STMicroelectronics X-CUBE-SFXS2LP1 4.0.0
2024-03-25 13:16:55,534 [INFO] ThirdParty:1030 - CMSIS Pack Vendor :STMicroelectronics X-CUBE-BLE2 3.3.0
2024-03-25 13:16:55,534 [INFO] ThirdParty:1030 - CMSIS Pack Vendor :STMicroelectronics X-CUBE-TOF1 3.4.1
2024-03-25 13:16:55,534 [INFO] ThirdParty:1030 - CMSIS Pack Vendor :STMicroelectronics X-CUBE-AZRTOS-H7 3.2.0
2024-03-25 13:16:55,534 [INFO] ThirdParty:1030 - CMSIS Pack Vendor :STMicroelectronics PDM2PCM 3.2.0
2024-03-25 13:16:55,534 [INFO] ThirdParty:841 - exiting critical section [change project]
2024-03-25 13:16:55,659 [INFO] PinOutPanel:1499 - setPackage(No Configuration,No Configuration)
2024-03-25 13:16:55,660 [INFO] PinOutPanel:1499 - setPackage(STM32F411CEUx,UFQFPN48)
2024-03-25 13:16:55,867 [INFO] UtilMem:75 - Before build in PCC Used Memory: 851037360 Bytes (1073741824)
2024-03-25 13:16:56,027 [INFO] UtilMem:75 - After build in PCC Used Memory: 893502640 Bytes (1073741824)
2024-03-25 13:16:56,084 [INFO] ApiDbMcu:508 - Load IP Config File for USB_DEVICE
2024-03-25 13:16:56,102 [INFO] IPUIPlugin:80 - create IPUIPlugin
2024-03-25 13:16:56,102 [INFO] IPUIPlugin:80 - create IPUIPlugin
2024-03-25 13:16:56,102 [INFO] IPUIPlugin:80 - create IPUIPlugin
2024-03-25 13:16:56,102 [INFO] IPUIPlugin:80 - create IPUIPlugin
2024-03-25 13:16:56,102 [INFO] IPUIPlugin:80 - create IPUIPlugin
2024-03-25 13:16:56,102 [INFO] IPUIPlugin:80 - create IPUIPlugin
2024-03-25 13:16:56,102 [INFO] IPUIPlugin:80 - create IPUIPlugin
2024-03-25 13:16:56,103 [INFO] IPUIPlugin:80 - create IPUIPlugin
2024-03-25 13:16:56,103 [INFO] IPUIPlugin:80 - create IPUIPlugin
2024-03-25 13:16:56,103 [INFO] IPUIPlugin:80 - create IPUIPlugin
2024-03-25 13:16:56,103 [INFO] IPUIPlugin:80 - create IPUIPlugin
2024-03-25 13:16:56,103 [INFO] IPUIPlugin:80 - create IPUIPlugin
2024-03-25 13:16:56,103 [INFO] IPUIPlugin:80 - create IPUIPlugin
2024-03-25 13:16:56,103 [INFO] IPUIPlugin:80 - create IPUIPlugin
2024-03-25 13:16:56,103 [INFO] IPUIPlugin:80 - create IPUIPlugin
2024-03-25 13:16:56,103 [INFO] IPUIPlugin:80 - create IPUIPlugin
2024-03-25 13:16:56,103 [INFO] IPUIPlugin:80 - create IPUIPlugin
2024-03-25 13:16:56,104 [INFO] IPUIPlugin:80 - create IPUIPlugin
2024-03-25 13:16:56,104 [INFO] IPUIPlugin:80 - create IPUIPlugin
2024-03-25 13:16:56,104 [INFO] IPUIPlugin:80 - create IPUIPlugin
2024-03-25 13:16:56,104 [INFO] IPUIPlugin:80 - create IPUIPlugin
2024-03-25 13:16:56,104 [INFO] IPUIPlugin:80 - create IPUIPlugin
2024-03-25 13:16:56,104 [INFO] IPUIPlugin:80 - create IPUIPlugin
2024-03-25 13:16:56,105 [INFO] IPUIPlugin:80 - create IPUIPlugin
2024-03-25 13:16:56,105 [INFO] IPUIPlugin:80 - create IPUIPlugin
2024-03-25 13:16:56,105 [INFO] IPUIPlugin:80 - create IPUIPlugin
2024-03-25 13:16:56,105 [INFO] IPUIPlugin:80 - create IPUIPlugin
2024-03-25 13:16:56,105 [INFO] IPUIPlugin:80 - create IPUIPlugin
2024-03-25 13:16:56,106 [INFO] IPUIPlugin:80 - create IPUIPlugin
2024-03-25 13:16:56,106 [INFO] IPUIPlugin:80 - create IPUIPlugin
2024-03-25 13:16:56,106 [INFO] IPUIPlugin:80 - create IPUIPlugin
2024-03-25 13:16:56,106 [INFO] IPUIPlugin:80 - create IPUIPlugin
2024-03-25 13:16:56,106 [INFO] IPUIPlugin:80 - create IPUIPlugin
2024-03-25 13:16:56,106 [INFO] IPUIPlugin:80 - create IPUIPlugin
2024-03-25 13:16:56,107 [INFO] IPUIPlugin:80 - create IPUIPlugin
2024-03-25 13:16:56,107 [INFO] IPUIPlugin:80 - create IPUIPlugin
2024-03-25 13:16:56,107 [INFO] IPUIPlugin:80 - create IPUIPlugin
2024-03-25 13:16:56,108 [INFO] IPUIPlugin:80 - create IPUIPlugin
2024-03-25 13:16:56,108 [INFO] IPUIPlugin:80 - create IPUIPlugin
2024-03-25 13:16:56,108 [INFO] IPUIPlugin:80 - create IPUIPlugin
2024-03-25 13:16:56,109 [INFO] IPUIPlugin:80 - create IPUIPlugin
2024-03-25 13:16:56,109 [INFO] IPUIPlugin:80 - create IPUIPlugin
2024-03-25 13:16:56,109 [INFO] IPUIPlugin:80 - create IPUIPlugin
2024-03-25 13:16:56,112 [INFO] ApiDbMcu:508 - Load IP Config File for PDM2PCM
2024-03-25 13:16:56,113 [WARN] IP:2119 - I2C_Coeff_DF not found: check if there is a RefParameter without a condition.
2024-03-25 13:16:56,113 [WARN] IP:2119 - Analog_Filter not found: check if there is a RefParameter without a condition.
2024-03-25 13:16:56,156 [INFO] CADModel:165 - CPN selected for project levelSTM32F411CEU6
2024-03-25 13:16:56,156 [INFO] CADModel:114 - Register for checkConnection events
2024-03-25 13:16:56,213 [INFO] OpenFileManager:343 - Restore cursor
2024-03-25 13:16:56,386 [WARN] IP:2119 - DEVICE_SERIAL0_CDC_FS not found: check if there is a RefParameter without a condition.
2024-03-25 13:16:56,386 [WARN] IP:2119 - DEVICE_SERIAL1_CDC_FS not found: check if there is a RefParameter without a condition.
2024-03-25 13:16:56,386 [WARN] IP:2119 - DEVICE_SERIAL2_CDC_FS not found: check if there is a RefParameter without a condition.
2024-03-25 13:16:56,387 [WARN] IP:2119 - DEVICE_SERIAL0_CDC_FS not found: check if there is a RefParameter without a condition.
2024-03-25 13:16:56,387 [WARN] IP:2119 - DEVICE_SERIAL1_CDC_FS not found: check if there is a RefParameter without a condition.
2024-03-25 13:16:56,387 [WARN] IP:2119 - DEVICE_SERIAL2_CDC_FS not found: check if there is a RefParameter without a condition.
2024-03-25 13:16:56,458 [WARN] IP:2119 - I2C_Coeff_DF not found: check if there is a RefParameter without a condition.
2024-03-25 13:16:56,458 [WARN] IP:2119 - Analog_Filter not found: check if there is a RefParameter without a condition.
2024-03-25 13:16:56,459 [WARN] IP:2119 - I2C_Coeff_DF not found: check if there is a RefParameter without a condition.
2024-03-25 13:16:56,459 [WARN] IP:2119 - Analog_Filter not found: check if there is a RefParameter without a condition.
2024-03-25 13:17:04,470 [INFO] Gpio:277 - dependency for GPIO [ADC1, I2C2, RCC, SYS, USB_OTG_FS]
2024-03-25 13:17:10,382 [INFO] ADCParametersView:116 -                Rank 1 : false
2024-03-25 13:17:10,410 [INFO] ADCParametersView:116 -                Rank 1 : false
2024-03-25 13:17:10,410 [INFO] ADCParametersView:116 -                Rank 1 : false
2024-03-25 13:17:10,410 [INFO] ADCParametersView:116 -                Rank 1 : false
2024-03-25 13:17:10,410 [INFO] ADCParametersView:116 -                Rank 1 : false
2024-03-25 13:17:10,410 [INFO] ADCParametersView:116 -                Rank 1 : false
2024-03-25 13:17:10,410 [INFO] ADCParametersView:116 -                Rank 1 : false
2024-03-25 13:17:10,410 [INFO] ADCParametersView:116 -                Rank 1 : false
2024-03-25 13:17:10,410 [INFO] ADCParametersView:116 -                Rank 1 : false
2024-03-25 13:17:10,410 [INFO] ADCParametersView:116 -                Rank 1 : false
2024-03-25 13:17:10,410 [INFO] ADCParametersView:116 -                Rank 1 : false
2024-03-25 13:17:10,410 [INFO] ADCParametersView:116 -                Rank 1 : false
2024-03-25 13:17:10,410 [INFO] ADCParametersView:116 -                Rank 1 : false
2024-03-25 13:17:10,410 [INFO] ADCParametersView:116 -                Rank 1 : false
2024-03-25 13:17:10,410 [INFO] ADCParametersView:116 -                Rank 1 : false
2024-03-25 13:17:10,426 [INFO] ADCParametersView:116 -                Rank 1 : false
2024-03-25 13:17:10,433 [INFO] NvicIntPanel:101 - NVIC parent = com.st.microxplorer.plugins.ip.nvic.MultiNvicIntPanel[,0,0,0x0,invalid,layout=javax.swing.BoxLayout,alignmentX=0.0,alignmentY=0.0,border=,flags=9,maximumSize=,minimumSize=,preferredSize=]
2024-03-25 13:17:28,742 [INFO] ADCParametersView:116 -                Rank 1 : false
2024-03-25 13:17:28,742 [INFO] ADCParametersView:116 -                Rank 1 : false
2024-03-25 13:17:28,742 [INFO] ADCParametersView:116 -                Rank 1 : false
2024-03-25 13:17:28,742 [INFO] ADCParametersView:116 -                Rank 1 : false
2024-03-25 13:17:28,742 [INFO] ADCParametersView:116 -                Rank 1 : false
2024-03-25 13:17:28,742 [INFO] ADCParametersView:116 -                Rank 1 : false
2024-03-25 13:17:28,742 [INFO] ADCParametersView:116 -                Rank 1 : false
2024-03-25 13:17:28,742 [INFO] ADCParametersView:116 -                Rank 1 : false
2024-03-25 13:17:28,742 [INFO] ADCParametersView:116 -                Rank 1 : false
2024-03-25 13:17:28,742 [INFO] ADCParametersView:116 -                Rank 1 : false
2024-03-25 13:17:28,742 [INFO] ADCParametersView:116 -                Rank 1 : false
2024-03-25 13:17:28,742 [INFO] ADCParametersView:116 -                Rank 1 : false
2024-03-25 13:17:28,742 [INFO] ADCParametersView:116 -                Rank 1 : false
2024-03-25 13:17:28,742 [INFO] ADCParametersView:116 -                Rank 1 : false
2024-03-25 13:17:28,761 [INFO] ADCParametersView:116 -                Rank 1 : false
2024-03-25 13:17:43,464 [INFO] NvicIntPanel:101 - NVIC parent = com.st.microxplorer.plugins.ip.nvic.MultiNvicIntPanel[,0,0,0x0,invalid,layout=javax.swing.BoxLayout,alignmentX=0.0,alignmentY=0.0,border=,flags=9,maximumSize=,minimumSize=,preferredSize=]
2024-03-25 13:17:45,280 [INFO] UtilMem:75 - End SaveConfig() Used Memory: 777583080 Bytes (1073741824)
2024-03-25 13:17:45,915 [INFO] UtilMem:75 - End SaveConfig() Used Memory: 801400392 Bytes (1073741824)
2024-03-25 13:17:46,567 [INFO] UtilMem:75 - End SaveConfig() Used Memory: 838341328 Bytes (1073741824)
2024-03-25 13:17:46,790 [INFO] BlockDiagram:2759 - set Specific Code input for plugin: USB_OTG_FS
2024-03-25 13:17:46,790 [INFO] BlockDiagram:2759 - set Specific Code input for plugin: NVIC
2024-03-25 13:17:46,790 [INFO] BlockDiagram:2759 - set Specific Code input for plugin: USB_DEVICE
2024-03-25 13:17:46,791 [INFO] BlockDiagram:2759 - set Specific Code input for plugin: SYS
2024-03-25 13:17:46,791 [INFO] BlockDiagram:2759 - set Specific Code input for plugin: GPIO
2024-03-25 13:17:46,791 [INFO] BlockDiagram:2759 - set Specific Code input for plugin: ADC
2024-03-25 13:17:46,791 [INFO] BlockDiagram:2759 - set Specific Code input for plugin: RCC
2024-03-25 13:17:46,791 [INFO] BlockDiagram:2759 - set Specific Code input for plugin: I2C
2024-03-25 13:17:46,792 [INFO] CodeGenerator:807 - code generatio: config db path: C:\ST\STM32CubeIDE_1.14.1\STM32CubeIDE\plugins\com.st.stm32cube.common.mx_6.10.0.202311202037\\db\
2024-03-25 13:17:46,800 [WARN] IP:2119 - I2C_Coeff_DF not found: check if there is a RefParameter without a condition.
2024-03-25 13:17:46,800 [WARN] IP:2119 - Analog_Filter not found: check if there is a RefParameter without a condition.
2024-03-25 13:17:46,811 [WARN] IP:2119 - DEVICE_SERIAL0_CDC_FS not found: check if there is a RefParameter without a condition.
2024-03-25 13:17:46,811 [WARN] IP:2119 - DEVICE_SERIAL1_CDC_FS not found: check if there is a RefParameter without a condition.
2024-03-25 13:17:46,811 [WARN] IP:2119 - DEVICE_SERIAL2_CDC_FS not found: check if there is a RefParameter without a condition.
2024-03-25 13:17:46,965 [INFO] CodeEngine:255 - oldGeneratedFile, C:\Users\ACER\STM32CubeIDE\workspace_1.14.1\ModoADCSincrono\MXTmpFiles\license.tmp_save
2024-03-25 13:17:47,148 [INFO] CodeEngine:279 - Generated code: C:\Users\ACER\STM32CubeIDE\workspace_1.14.1\ModoADCSincrono\MXTmpFiles\license.tmp
2024-03-25 13:17:47,202 [INFO] CodeEngine:255 - oldGeneratedFile, C:\Users\ACER\STM32CubeIDE\workspace_1.14.1\ModoADCSincrono\MXTmpFiles\gpio.tmp_save
2024-03-25 13:17:47,371 [INFO] CodeEngine:279 - Generated code: C:\Users\ACER\STM32CubeIDE\workspace_1.14.1\ModoADCSincrono\MXTmpFiles\gpio.tmp
2024-03-25 13:17:47,412 [WARN] IPConfigManager:2946 - Warning: the RefConfig PWREx_EnableUSBVoltageDetector is not available in your config.xml file
2024-03-25 13:17:47,423 [INFO] CodeEngine:255 - oldGeneratedFile, C:\Users\ACER\STM32CubeIDE\workspace_1.14.1\ModoADCSincrono\MXTmpFiles\usb_otg_fs_vars.tmp_save
2024-03-25 13:17:47,561 [INFO] CodeEngine:279 - Generated code: C:\Users\ACER\STM32CubeIDE\workspace_1.14.1\ModoADCSincrono\MXTmpFiles\usb_otg_fs_vars.tmp
2024-03-25 13:17:47,566 [INFO] CodeEngine:255 - oldGeneratedFile, C:\Users\ACER\STM32CubeIDE\workspace_1.14.1\ModoADCSincrono\MXTmpFiles\usb_otg_fs_inc.tmp_save
2024-03-25 13:17:47,641 [INFO] CodeEngine:279 - Generated code: C:\Users\ACER\STM32CubeIDE\workspace_1.14.1\ModoADCSincrono\MXTmpFiles\usb_otg_fs_inc.tmp
2024-03-25 13:17:47,647 [INFO] CodeEngine:255 - oldGeneratedFile, C:\Users\ACER\STM32CubeIDE\workspace_1.14.1\ModoADCSincrono\MXTmpFiles\usb_otg_fs_HalInit.tmp_save
2024-03-25 13:17:47,765 [INFO] CodeEngine:279 - Generated code: C:\Users\ACER\STM32CubeIDE\workspace_1.14.1\ModoADCSincrono\MXTmpFiles\usb_otg_fs_HalInit.tmp
2024-03-25 13:17:47,770 [INFO] CodeEngine:255 - oldGeneratedFile, C:\Users\ACER\STM32CubeIDE\workspace_1.14.1\ModoADCSincrono\MXTmpFiles\usb_otg_fs_Msp.tmp_save
2024-03-25 13:17:47,871 [INFO] CodeEngine:279 - Generated code: C:\Users\ACER\STM32CubeIDE\workspace_1.14.1\ModoADCSincrono\MXTmpFiles\usb_otg_fs_Msp.tmp
2024-03-25 13:17:47,990 [INFO] Middleware:1439 - No code input for Bsp Dependency
2024-03-25 13:17:47,996 [INFO] Middleware:1439 - No code input for Bsp Dependency
2024-03-25 13:17:48,013 [INFO] CodeEngine:255 - oldGeneratedFile, C:\Users\ACER\STM32CubeIDE\workspace_1.14.1\ModoADCSincrono\USB_DEVICE\App\usb_device.c_save
2024-03-25 13:17:48,120 [INFO] CodeEngine:279 - Generated code: C:\Users\ACER\STM32CubeIDE\workspace_1.14.1\ModoADCSincrono\USB_DEVICE\App\usb_device.c
2024-03-25 13:17:48,128 [INFO] CodeEngine:255 - oldGeneratedFile, C:\Users\ACER\STM32CubeIDE\workspace_1.14.1\ModoADCSincrono\USB_DEVICE\App\usb_device.h_save
2024-03-25 13:17:48,221 [INFO] CodeEngine:279 - Generated code: C:\Users\ACER\STM32CubeIDE\workspace_1.14.1\ModoADCSincrono\USB_DEVICE\App\usb_device.h
2024-03-25 13:17:48,230 [INFO] CodeEngine:255 - oldGeneratedFile, C:\Users\ACER\STM32CubeIDE\workspace_1.14.1\ModoADCSincrono\USB_DEVICE\Target\usbd_conf.h_save
2024-03-25 13:17:48,309 [INFO] CodeEngine:279 - Generated code: C:\Users\ACER\STM32CubeIDE\workspace_1.14.1\ModoADCSincrono\USB_DEVICE\Target\usbd_conf.h
2024-03-25 13:17:48,328 [INFO] CodeEngine:255 - oldGeneratedFile, C:\Users\ACER\STM32CubeIDE\workspace_1.14.1\ModoADCSincrono\USB_DEVICE\Target\usbd_conf.c_save
2024-03-25 13:17:48,446 [INFO] CodeEngine:279 - Generated code: C:\Users\ACER\STM32CubeIDE\workspace_1.14.1\ModoADCSincrono\USB_DEVICE\Target\usbd_conf.c
2024-03-25 13:17:48,454 [INFO] CodeEngine:255 - oldGeneratedFile, C:\Users\ACER\STM32CubeIDE\workspace_1.14.1\ModoADCSincrono\USB_DEVICE\App\usbd_desc.h_save
2024-03-25 13:17:48,535 [INFO] CodeEngine:279 - Generated code: C:\Users\ACER\STM32CubeIDE\workspace_1.14.1\ModoADCSincrono\USB_DEVICE\App\usbd_desc.h
2024-03-25 13:17:48,552 [INFO] CodeEngine:255 - oldGeneratedFile, C:\Users\ACER\STM32CubeIDE\workspace_1.14.1\ModoADCSincrono\USB_DEVICE\App\usbd_desc.c_save
2024-03-25 13:17:48,662 [INFO] CodeEngine:279 - Generated code: C:\Users\ACER\STM32CubeIDE\workspace_1.14.1\ModoADCSincrono\USB_DEVICE\App\usbd_desc.c
2024-03-25 13:17:48,671 [INFO] CodeEngine:255 - oldGeneratedFile, C:\Users\ACER\STM32CubeIDE\workspace_1.14.1\ModoADCSincrono\USB_DEVICE\App\usbd_cdc_if.h_save
2024-03-25 13:17:48,742 [INFO] CodeEngine:279 - Generated code: C:\Users\ACER\STM32CubeIDE\workspace_1.14.1\ModoADCSincrono\USB_DEVICE\App\usbd_cdc_if.h
2024-03-25 13:17:48,759 [INFO] CodeEngine:255 - oldGeneratedFile, C:\Users\ACER\STM32CubeIDE\workspace_1.14.1\ModoADCSincrono\USB_DEVICE\App\usbd_cdc_if.c_save
2024-03-25 13:17:48,868 [INFO] CodeEngine:279 - Generated code: C:\Users\ACER\STM32CubeIDE\workspace_1.14.1\ModoADCSincrono\USB_DEVICE\App\usbd_cdc_if.c
2024-03-25 13:17:48,898 [INFO] CodeEngine:255 - oldGeneratedFile, C:\Users\ACER\STM32CubeIDE\workspace_1.14.1\ModoADCSincrono\Core\Src\stm32f4xx_it.c_save
2024-03-25 13:17:49,105 [INFO] CodeEngine:279 - Generated code: C:\Users\ACER\STM32CubeIDE\workspace_1.14.1\ModoADCSincrono\Core\Src\stm32f4xx_it.c
2024-03-25 13:17:49,114 [INFO] CodeEngine:255 - oldGeneratedFile, C:\Users\ACER\STM32CubeIDE\workspace_1.14.1\ModoADCSincrono\Core\Inc\stm32f4xx_it.h_save
2024-03-25 13:17:49,198 [INFO] CodeEngine:279 - Generated code: C:\Users\ACER\STM32CubeIDE\workspace_1.14.1\ModoADCSincrono\Core\Inc\stm32f4xx_it.h
2024-03-25 13:17:49,229 [INFO] CodeEngine:255 - oldGeneratedFile, C:\Users\ACER\STM32CubeIDE\workspace_1.14.1\ModoADCSincrono\Core\Src\stm32f4xx_hal_msp.c_save
2024-03-25 13:17:49,361 [INFO] CodeEngine:279 - Generated code: C:\Users\ACER\STM32CubeIDE\workspace_1.14.1\ModoADCSincrono\Core\Src\stm32f4xx_hal_msp.c
2024-03-25 13:17:49,367 [INFO] CodeEngine:255 - oldGeneratedFile, C:\Users\ACER\STM32CubeIDE\workspace_1.14.1\ModoADCSincrono\MXTmpFiles\system.tmp_save
2024-03-25 13:17:49,458 [INFO] CodeEngine:279 - Generated code: C:\Users\ACER\STM32CubeIDE\workspace_1.14.1\ModoADCSincrono\MXTmpFiles\system.tmp
2024-03-25 13:17:49,484 [INFO] CodeEngine:311 - oldGeneratedFile, C:\Users\ACER\STM32CubeIDE\workspace_1.14.1\ModoADCSincrono\Core\Inc\stm32f4xx_hal_conf.h_save
2024-03-25 13:17:49,616 [INFO] CodeEngine:335 - Generated code: C:\Users\ACER\STM32CubeIDE\workspace_1.14.1\ModoADCSincrono\Core\Inc\stm32f4xx_hal_conf.h
2024-03-25 13:17:49,688 [INFO] CodeEngine:255 - oldGeneratedFile, C:\Users\ACER\STM32CubeIDE\workspace_1.14.1\ModoADCSincrono\Core\Inc\main.h_save
2024-03-25 13:17:49,836 [INFO] CodeEngine:279 - Generated code: C:\Users\ACER\STM32CubeIDE\workspace_1.14.1\ModoADCSincrono\Core\Inc\main.h
2024-03-25 13:17:49,854 [INFO] CodeEngine:255 - oldGeneratedFile, C:\Users\ACER\STM32CubeIDE\workspace_1.14.1\ModoADCSincrono\Core\Src\main.c_save
2024-03-25 13:17:50,006 [INFO] CodeEngine:279 - Generated code: C:\Users\ACER\STM32CubeIDE\workspace_1.14.1\ModoADCSincrono\Core\Src\main.c
2024-03-25 13:17:50,755 [INFO] ProjectBuilder:3076 - Time for Copy HAL[1] : 294mS.
2024-03-25 13:17:50,766 [INFO] ProjectBuilder:4485 - Project Generator version: 4.2.0-B44
2024-03-25 13:17:51,163 [INFO] ConfigFileManager:1495 - The Die is : DIE431
2024-03-25 13:17:51,174 [INFO] ApiDbMcu:508 - Load IP Config File for FATFS
2024-03-25 13:17:51,211 [INFO] ApiDbMcu:508 - Load IP Config File for FREERTOS
2024-03-25 13:17:51,216 [INFO] ApiDbMcu:508 - Load IP Config File for LIBJPEG
2024-03-25 13:17:51,287 [INFO] ApiDbMcu:508 - Load IP Config File for MBEDTLS
2024-03-25 13:17:51,299 [INFO] ApiDbMcu:508 - Load IP Config File for USB_HOST
2024-03-25 13:17:53,427 [INFO] ProjectBuilder:4747 - Time for Generating toolchain IDE Files: 2661mS.
2024-03-25 13:17:53,433 [INFO] ProjectBuilder:2947 - Time for Copy CMSIS : 5mS.
2024-03-25 13:17:53,443 [INFO] ProjectBuilder:2947 - Time for Copy CMSIS : 1mS.
2024-03-25 13:18:54,671 [INFO] ADCParametersView:116 -                Rank 1 : false
2024-03-25 13:18:54,671 [INFO] ADCParametersView:116 -                Rank 1 : false
2024-03-25 13:18:54,671 [INFO] ADCParametersView:116 -                Rank 1 : false
2024-03-25 13:18:54,671 [INFO] ADCParametersView:116 -                Rank 1 : false
2024-03-25 13:18:54,671 [INFO] ADCParametersView:116 -                Rank 1 : false
2024-03-25 13:18:54,671 [INFO] ADCParametersView:116 -                Rank 1 : false
2024-03-25 13:18:54,671 [INFO] ADCParametersView:116 -                Rank 1 : false
2024-03-25 13:18:54,671 [INFO] ADCParametersView:116 -                Rank 1 : false
2024-03-25 13:18:54,671 [INFO] ADCParametersView:116 -                Rank 1 : false
2024-03-25 13:18:54,671 [INFO] ADCParametersView:116 -                Rank 1 : false
2024-03-25 13:18:54,671 [INFO] ADCParametersView:116 -                Rank 1 : false
2024-03-25 13:18:54,671 [INFO] ADCParametersView:116 -                Rank 1 : false
2024-03-25 13:18:54,671 [INFO] ADCParametersView:116 -                Rank 1 : false
2024-03-25 13:18:54,671 [INFO] ADCParametersView:116 -                Rank 1 : false
2024-03-25 13:18:54,690 [INFO] ADCParametersView:116 -                Rank 1 : false
2024-03-25 13:18:54,690 [INFO] ADCParametersView:116 -                Rank 1 : false
2024-03-25 13:18:54,690 [INFO] ADCParametersView:116 -                Rank 1 : false
2024-03-25 13:18:54,690 [INFO] ADCParametersView:116 -                Rank 1 : false
2024-03-25 13:18:54,690 [INFO] ADCParametersView:116 -                Rank 1 : false
2024-03-25 13:18:54,691 [INFO] ADCParametersView:116 -                Rank 1 : false
2024-03-25 13:18:54,691 [INFO] ADCParametersView:116 -                Rank 1 : false
2024-03-25 13:18:54,691 [INFO] ADCParametersView:116 -                Rank 1 : false
2024-03-25 13:18:54,691 [INFO] ADCParametersView:116 -                Rank 1 : false
2024-03-25 13:18:54,691 [INFO] ADCParametersView:116 -                Rank 1 : false
2024-03-25 13:18:54,691 [INFO] ADCParametersView:116 -                Rank 1 : false
2024-03-25 13:18:54,691 [INFO] ADCParametersView:116 -                Rank 1 : false
2024-03-25 13:18:54,691 [INFO] ADCParametersView:116 -                Rank 1 : false
2024-03-25 13:18:54,691 [INFO] ADCParametersView:116 -                Rank 1 : false
2024-03-25 13:18:54,691 [INFO] ADCParametersView:116 -                Rank 1 : false
2024-03-25 13:18:54,707 [INFO] ADCParametersView:116 -                Rank 1 : false
2024-03-25 13:22:40,816 [INFO] NvicIntPanel:101 - NVIC parent = com.st.microxplorer.plugins.ip.nvic.MultiNvicIntPanel[,0,0,0x0,invalid,layout=javax.swing.BoxLayout,alignmentX=0.0,alignmentY=0.0,border=,flags=9,maximumSize=,minimumSize=,preferredSize=]
2024-03-25 13:22:40,849 [INFO] ADCParametersView:116 -                Rank 1 : false
2024-03-25 13:22:40,851 [INFO] ADCParametersView:116 -                Rank 1 : false
2024-03-25 13:22:40,851 [INFO] ADCParametersView:116 -                Rank 1 : false
2024-03-25 13:22:40,851 [INFO] ADCParametersView:116 -                Rank 1 : false
2024-03-25 13:22:40,851 [INFO] ADCParametersView:116 -                Rank 1 : false
2024-03-25 13:22:40,851 [INFO] ADCParametersView:116 -                Rank 1 : false
2024-03-25 13:22:40,851 [INFO] ADCParametersView:116 -                Rank 1 : false
2024-03-25 13:22:40,851 [INFO] ADCParametersView:116 -                Rank 1 : false
2024-03-25 13:22:40,851 [INFO] ADCParametersView:116 -                Rank 1 : false
2024-03-25 13:22:40,851 [INFO] ADCParametersView:116 -                Rank 1 : false
2024-03-25 13:22:40,851 [INFO] ADCParametersView:116 -                Rank 1 : false
2024-03-25 13:22:40,851 [INFO] ADCParametersView:116 -                Rank 1 : false
2024-03-25 13:22:40,851 [INFO] ADCParametersView:116 -                Rank 1 : false
2024-03-25 13:22:40,851 [INFO] ADCParametersView:116 -                Rank 1 : false
2024-03-25 13:22:40,868 [INFO] ADCParametersView:116 -                Rank 1 : false
2024-03-25 13:22:44,765 [INFO] NvicIntPanel:101 - NVIC parent = com.st.microxplorer.plugins.ip.nvic.MultiNvicIntPanel[,0,0,0x0,invalid,layout=javax.swing.BoxLayout,alignmentX=0.0,alignmentY=0.0,border=,flags=9,maximumSize=,minimumSize=,preferredSize=]
2024-03-25 13:22:46,223 [INFO] UtilMem:75 - End SaveConfig() Used Memory: 930896232 Bytes (1073741824)
2024-03-25 13:22:47,001 [INFO] UtilMem:75 - End SaveConfig() Used Memory: 813787888 Bytes (1073741824)
2024-03-25 13:22:47,613 [INFO] UtilMem:75 - End SaveConfig() Used Memory: 839992144 Bytes (1073741824)
2024-03-25 13:22:47,819 [INFO] BlockDiagram:2759 - set Specific Code input for plugin: USB_OTG_FS
2024-03-25 13:22:47,819 [INFO] BlockDiagram:2759 - set Specific Code input for plugin: NVIC
2024-03-25 13:22:47,819 [INFO] BlockDiagram:2759 - set Specific Code input for plugin: USB_DEVICE
2024-03-25 13:22:47,819 [INFO] BlockDiagram:2759 - set Specific Code input for plugin: SYS
2024-03-25 13:22:47,819 [INFO] BlockDiagram:2759 - set Specific Code input for plugin: GPIO
2024-03-25 13:22:47,819 [INFO] BlockDiagram:2759 - set Specific Code input for plugin: ADC
2024-03-25 13:22:47,819 [INFO] BlockDiagram:2759 - set Specific Code input for plugin: RCC
2024-03-25 13:22:47,819 [INFO] BlockDiagram:2759 - set Specific Code input for plugin: I2C
2024-03-25 13:22:47,820 [INFO] CodeGenerator:807 - code generatio: config db path: C:\ST\STM32CubeIDE_1.14.1\STM32CubeIDE\plugins\com.st.stm32cube.common.mx_6.10.0.202311202037\\db\
2024-03-25 13:22:47,825 [WARN] IP:2119 - I2C_Coeff_DF not found: check if there is a RefParameter without a condition.
2024-03-25 13:22:47,825 [WARN] IP:2119 - Analog_Filter not found: check if there is a RefParameter without a condition.
2024-03-25 13:22:47,832 [WARN] IP:2119 - DEVICE_SERIAL0_CDC_FS not found: check if there is a RefParameter without a condition.
2024-03-25 13:22:47,832 [WARN] IP:2119 - DEVICE_SERIAL1_CDC_FS not found: check if there is a RefParameter without a condition.
2024-03-25 13:22:47,832 [WARN] IP:2119 - DEVICE_SERIAL2_CDC_FS not found: check if there is a RefParameter without a condition.
2024-03-25 13:22:48,039 [INFO] CodeEngine:255 - oldGeneratedFile, C:\Users\ACER\STM32CubeIDE\workspace_1.14.1\ModoADCSincrono\MXTmpFiles\license.tmp_save
2024-03-25 13:22:48,164 [INFO] CodeEngine:279 - Generated code: C:\Users\ACER\STM32CubeIDE\workspace_1.14.1\ModoADCSincrono\MXTmpFiles\license.tmp
2024-03-25 13:22:48,209 [INFO] CodeEngine:255 - oldGeneratedFile, C:\Users\ACER\STM32CubeIDE\workspace_1.14.1\ModoADCSincrono\MXTmpFiles\gpio.tmp_save
2024-03-25 13:22:48,333 [INFO] CodeEngine:279 - Generated code: C:\Users\ACER\STM32CubeIDE\workspace_1.14.1\ModoADCSincrono\MXTmpFiles\gpio.tmp
2024-03-25 13:22:48,388 [WARN] IPConfigManager:2946 - Warning: the RefConfig PWREx_EnableUSBVoltageDetector is not available in your config.xml file
2024-03-25 13:22:48,398 [INFO] CodeEngine:255 - oldGeneratedFile, C:\Users\ACER\STM32CubeIDE\workspace_1.14.1\ModoADCSincrono\MXTmpFiles\usb_otg_fs_vars.tmp_save
2024-03-25 13:22:48,555 [INFO] CodeEngine:279 - Generated code: C:\Users\ACER\STM32CubeIDE\workspace_1.14.1\ModoADCSincrono\MXTmpFiles\usb_otg_fs_vars.tmp
2024-03-25 13:22:48,560 [INFO] CodeEngine:255 - oldGeneratedFile, C:\Users\ACER\STM32CubeIDE\workspace_1.14.1\ModoADCSincrono\MXTmpFiles\usb_otg_fs_inc.tmp_save
2024-03-25 13:22:48,634 [INFO] CodeEngine:279 - Generated code: C:\Users\ACER\STM32CubeIDE\workspace_1.14.1\ModoADCSincrono\MXTmpFiles\usb_otg_fs_inc.tmp
2024-03-25 13:22:48,640 [INFO] CodeEngine:255 - oldGeneratedFile, C:\Users\ACER\STM32CubeIDE\workspace_1.14.1\ModoADCSincrono\MXTmpFiles\usb_otg_fs_HalInit.tmp_save
2024-03-25 13:22:48,773 [INFO] CodeEngine:279 - Generated code: C:\Users\ACER\STM32CubeIDE\workspace_1.14.1\ModoADCSincrono\MXTmpFiles\usb_otg_fs_HalInit.tmp
2024-03-25 13:22:48,778 [INFO] CodeEngine:255 - oldGeneratedFile, C:\Users\ACER\STM32CubeIDE\workspace_1.14.1\ModoADCSincrono\MXTmpFiles\usb_otg_fs_Msp.tmp_save
2024-03-25 13:22:48,893 [INFO] CodeEngine:279 - Generated code: C:\Users\ACER\STM32CubeIDE\workspace_1.14.1\ModoADCSincrono\MXTmpFiles\usb_otg_fs_Msp.tmp
2024-03-25 13:22:49,030 [INFO] Middleware:1439 - No code input for Bsp Dependency
2024-03-25 13:22:49,036 [INFO] Middleware:1439 - No code input for Bsp Dependency
2024-03-25 13:22:49,055 [INFO] CodeEngine:255 - oldGeneratedFile, C:\Users\ACER\STM32CubeIDE\workspace_1.14.1\ModoADCSincrono\USB_DEVICE\App\usb_device.c_save
2024-03-25 13:22:49,140 [INFO] CodeEngine:279 - Generated code: C:\Users\ACER\STM32CubeIDE\workspace_1.14.1\ModoADCSincrono\USB_DEVICE\App\usb_device.c
2024-03-25 13:22:49,147 [INFO] CodeEngine:255 - oldGeneratedFile, C:\Users\ACER\STM32CubeIDE\workspace_1.14.1\ModoADCSincrono\USB_DEVICE\App\usb_device.h_save
2024-03-25 13:22:49,228 [INFO] CodeEngine:279 - Generated code: C:\Users\ACER\STM32CubeIDE\workspace_1.14.1\ModoADCSincrono\USB_DEVICE\App\usb_device.h
2024-03-25 13:22:49,236 [INFO] CodeEngine:255 - oldGeneratedFile, C:\Users\ACER\STM32CubeIDE\workspace_1.14.1\ModoADCSincrono\USB_DEVICE\Target\usbd_conf.h_save
2024-03-25 13:22:49,318 [INFO] CodeEngine:279 - Generated code: C:\Users\ACER\STM32CubeIDE\workspace_1.14.1\ModoADCSincrono\USB_DEVICE\Target\usbd_conf.h
2024-03-25 13:22:49,337 [INFO] CodeEngine:255 - oldGeneratedFile, C:\Users\ACER\STM32CubeIDE\workspace_1.14.1\ModoADCSincrono\USB_DEVICE\Target\usbd_conf.c_save
2024-03-25 13:22:49,452 [INFO] CodeEngine:279 - Generated code: C:\Users\ACER\STM32CubeIDE\workspace_1.14.1\ModoADCSincrono\USB_DEVICE\Target\usbd_conf.c
2024-03-25 13:22:49,462 [INFO] CodeEngine:255 - oldGeneratedFile, C:\Users\ACER\STM32CubeIDE\workspace_1.14.1\ModoADCSincrono\USB_DEVICE\App\usbd_desc.h_save
2024-03-25 13:22:49,534 [INFO] CodeEngine:279 - Generated code: C:\Users\ACER\STM32CubeIDE\workspace_1.14.1\ModoADCSincrono\USB_DEVICE\App\usbd_desc.h
2024-03-25 13:22:49,551 [INFO] CodeEngine:255 - oldGeneratedFile, C:\Users\ACER\STM32CubeIDE\workspace_1.14.1\ModoADCSincrono\USB_DEVICE\App\usbd_desc.c_save
2024-03-25 13:22:49,659 [INFO] CodeEngine:279 - Generated code: C:\Users\ACER\STM32CubeIDE\workspace_1.14.1\ModoADCSincrono\USB_DEVICE\App\usbd_desc.c
2024-03-25 13:22:49,668 [INFO] CodeEngine:255 - oldGeneratedFile, C:\Users\ACER\STM32CubeIDE\workspace_1.14.1\ModoADCSincrono\USB_DEVICE\App\usbd_cdc_if.h_save
2024-03-25 13:22:49,741 [INFO] CodeEngine:279 - Generated code: C:\Users\ACER\STM32CubeIDE\workspace_1.14.1\ModoADCSincrono\USB_DEVICE\App\usbd_cdc_if.h
2024-03-25 13:22:49,756 [INFO] CodeEngine:255 - oldGeneratedFile, C:\Users\ACER\STM32CubeIDE\workspace_1.14.1\ModoADCSincrono\USB_DEVICE\App\usbd_cdc_if.c_save
2024-03-25 13:22:49,872 [INFO] CodeEngine:279 - Generated code: C:\Users\ACER\STM32CubeIDE\workspace_1.14.1\ModoADCSincrono\USB_DEVICE\App\usbd_cdc_if.c
2024-03-25 13:22:49,902 [INFO] CodeEngine:255 - oldGeneratedFile, C:\Users\ACER\STM32CubeIDE\workspace_1.14.1\ModoADCSincrono\Core\Src\stm32f4xx_it.c_save
2024-03-25 13:22:50,092 [INFO] CodeEngine:279 - Generated code: C:\Users\ACER\STM32CubeIDE\workspace_1.14.1\ModoADCSincrono\Core\Src\stm32f4xx_it.c
2024-03-25 13:22:50,100 [INFO] CodeEngine:255 - oldGeneratedFile, C:\Users\ACER\STM32CubeIDE\workspace_1.14.1\ModoADCSincrono\Core\Inc\stm32f4xx_it.h_save
2024-03-25 13:22:50,182 [INFO] CodeEngine:279 - Generated code: C:\Users\ACER\STM32CubeIDE\workspace_1.14.1\ModoADCSincrono\Core\Inc\stm32f4xx_it.h
2024-03-25 13:22:50,212 [INFO] CodeEngine:255 - oldGeneratedFile, C:\Users\ACER\STM32CubeIDE\workspace_1.14.1\ModoADCSincrono\Core\Src\stm32f4xx_hal_msp.c_save
2024-03-25 13:22:50,354 [INFO] CodeEngine:279 - Generated code: C:\Users\ACER\STM32CubeIDE\workspace_1.14.1\ModoADCSincrono\Core\Src\stm32f4xx_hal_msp.c
2024-03-25 13:22:50,360 [INFO] CodeEngine:255 - oldGeneratedFile, C:\Users\ACER\STM32CubeIDE\workspace_1.14.1\ModoADCSincrono\MXTmpFiles\system.tmp_save
2024-03-25 13:22:50,446 [INFO] CodeEngine:279 - Generated code: C:\Users\ACER\STM32CubeIDE\workspace_1.14.1\ModoADCSincrono\MXTmpFiles\system.tmp
2024-03-25 13:22:50,472 [INFO] CodeEngine:311 - oldGeneratedFile, C:\Users\ACER\STM32CubeIDE\workspace_1.14.1\ModoADCSincrono\Core\Inc\stm32f4xx_hal_conf.h_save
2024-03-25 13:22:50,594 [INFO] CodeEngine:335 - Generated code: C:\Users\ACER\STM32CubeIDE\workspace_1.14.1\ModoADCSincrono\Core\Inc\stm32f4xx_hal_conf.h
2024-03-25 13:22:50,680 [INFO] CodeEngine:255 - oldGeneratedFile, C:\Users\ACER\STM32CubeIDE\workspace_1.14.1\ModoADCSincrono\Core\Inc\main.h_save
2024-03-25 13:22:50,813 [INFO] CodeEngine:279 - Generated code: C:\Users\ACER\STM32CubeIDE\workspace_1.14.1\ModoADCSincrono\Core\Inc\main.h
2024-03-25 13:22:50,831 [INFO] CodeEngine:255 - oldGeneratedFile, C:\Users\ACER\STM32CubeIDE\workspace_1.14.1\ModoADCSincrono\Core\Src\main.c_save
2024-03-25 13:22:50,989 [INFO] CodeEngine:279 - Generated code: C:\Users\ACER\STM32CubeIDE\workspace_1.14.1\ModoADCSincrono\Core\Src\main.c
2024-03-25 13:22:51,741 [INFO] ProjectBuilder:3076 - Time for Copy HAL[1] : 286mS.
2024-03-25 13:22:51,749 [INFO] ProjectBuilder:4485 - Project Generator version: 4.2.0-B44
2024-03-25 13:22:52,080 [INFO] ConfigFileManager:1495 - The Die is : DIE431
2024-03-25 13:22:54,156 [INFO] ProjectBuilder:4747 - Time for Generating toolchain IDE Files: 2407mS.
2024-03-25 13:22:54,158 [INFO] ProjectBuilder:2947 - Time for Copy CMSIS : 0mS.
2024-03-25 13:22:54,166 [INFO] ProjectBuilder:2947 - Time for Copy CMSIS : 0mS.
2024-03-25 13:25:54,315 [ERROR] LogOutputStream:75 - [STDERR_REDIRECT] 
